[debug] [2025-03-31T21:05:49.675Z] ----------------------------------------------------------------------
[debug] [2025-03-31T21:05:49.679Z] Command:       C:\Program Files\nodejs\node.exe C:\Users\niloy\AppData\Roaming\npm\node_modules\firebase-tools\lib\bin\firebase.js deploy --only functions --debug
[debug] [2025-03-31T21:05:49.680Z] CLI Version:   14.0.1
[debug] [2025-03-31T21:05:49.680Z] Platform:      win32
[debug] [2025-03-31T21:05:49.680Z] Node Version:  v22.13.1
[debug] [2025-03-31T21:05:49.681Z] Time:          Tue Apr 01 2025 03:05:49 GMT+0600 (Bangladesh Standard Time)
[debug] [2025-03-31T21:05:49.681Z] ----------------------------------------------------------------------
[debug] 
[debug] [2025-03-31T21:05:50.183Z] Field "/functions" in "firebase.json" is possibly invalid: must be object
[debug] [2025-03-31T21:05:50.188Z] Object "/functions/0" in "firebase.json" has unknown property: {"additionalProperty":"timeoutSeconds"}
[debug] [2025-03-31T21:05:50.188Z] Field "/functions" in "firebase.json" is possibly invalid: must match a schema in anyOf
[debug] [2025-03-31T21:05:50.216Z] > command requires scopes: ["email","openid","https://www.googleapis.com/auth/cloudplatformprojects.readonly","https://www.googleapis.com/auth/firebase","https://www.googleapis.com/auth/cloud-platform"]
[debug] [2025-03-31T21:05:50.218Z] > authorizing via signed-in user (dailycheckup9@gmail.com)
[debug] [2025-03-31T21:05:50.219Z] [iam] checking project daily-checkup-ece39 for permissions ["cloudfunctions.functions.create","cloudfunctions.functions.delete","cloudfunctions.functions.get","cloudfunctions.functions.list","cloudfunctions.functions.update","cloudfunctions.operations.get","firebase.projects.get"]
[debug] [2025-03-31T21:05:50.221Z] Checked if tokens are valid: true, expires at: 1743457025695
[debug] [2025-03-31T21:05:50.222Z] Checked if tokens are valid: true, expires at: 1743457025695
[debug] [2025-03-31T21:05:50.224Z] >>> [apiv2][query] POST https://cloudresourcemanager.googleapis.com/v1/projects/daily-checkup-ece39:testIamPermissions [none]
[debug] [2025-03-31T21:05:50.225Z] >>> [apiv2][(partial)header] POST https://cloudresourcemanager.googleapis.com/v1/projects/daily-checkup-ece39:testIamPermissions x-goog-quota-user=projects/daily-checkup-ece39
[debug] [2025-03-31T21:05:50.226Z] >>> [apiv2][body] POST https://cloudresourcemanager.googleapis.com/v1/projects/daily-checkup-ece39:testIamPermissions {"permissions":["cloudfunctions.functions.create","cloudfunctions.functions.delete","cloudfunctions.functions.get","cloudfunctions.functions.list","cloudfunctions.functions.update","cloudfunctions.operations.get","firebase.projects.get"]}
[debug] [2025-03-31T21:05:51.663Z] <<< [apiv2][status] POST https://cloudresourcemanager.googleapis.com/v1/projects/daily-checkup-ece39:testIamPermissions 200
[debug] [2025-03-31T21:05:51.671Z] <<< [apiv2][body] POST https://cloudresourcemanager.googleapis.com/v1/projects/daily-checkup-ece39:testIamPermissions {"permissions":["cloudfunctions.functions.create","cloudfunctions.functions.delete","cloudfunctions.functions.get","cloudfunctions.functions.list","cloudfunctions.functions.update","cloudfunctions.operations.get","firebase.projects.get"]}
[debug] [2025-03-31T21:05:51.672Z] Checked if tokens are valid: true, expires at: 1743457025695
[debug] [2025-03-31T21:05:51.672Z] Checked if tokens are valid: true, expires at: 1743457025695
[debug] [2025-03-31T21:05:51.672Z] >>> [apiv2][query] POST https://iam.googleapis.com/v1/projects/daily-checkup-ece39/serviceAccounts/daily-checkup-ece39@appspot.gserviceaccount.com:testIamPermissions [none]
[debug] [2025-03-31T21:05:51.673Z] >>> [apiv2][body] POST https://iam.googleapis.com/v1/projects/daily-checkup-ece39/serviceAccounts/daily-checkup-ece39@appspot.gserviceaccount.com:testIamPermissions {"permissions":["iam.serviceAccounts.actAs"]}
[debug] [2025-03-31T21:05:53.222Z] <<< [apiv2][status] POST https://iam.googleapis.com/v1/projects/daily-checkup-ece39/serviceAccounts/daily-checkup-ece39@appspot.gserviceaccount.com:testIamPermissions 200
[debug] [2025-03-31T21:05:53.224Z] <<< [apiv2][body] POST https://iam.googleapis.com/v1/projects/daily-checkup-ece39/serviceAccounts/daily-checkup-ece39@appspot.gserviceaccount.com:testIamPermissions {"permissions":["iam.serviceAccounts.actAs"]}
[info] 
[info] === Deploying to 'daily-checkup-ece39'...
[info] 
[info] i  deploying functions 
[info] +  functions: Finished running predeploy script. 
[debug] [2025-03-31T21:05:53.229Z] Checked if tokens are valid: true, expires at: 1743457025695
[debug] [2025-03-31T21:05:53.229Z] Checked if tokens are valid: true, expires at: 1743457025695
[debug] [2025-03-31T21:05:53.229Z] >>> [apiv2][query] GET https://cloudresourcemanager.googleapis.com/v1/projects/daily-checkup-ece39 [none]
[debug] [2025-03-31T21:05:53.523Z] <<< [apiv2][status] GET https://cloudresourcemanager.googleapis.com/v1/projects/daily-checkup-ece39 200
[debug] [2025-03-31T21:05:53.525Z] <<< [apiv2][body] GET https://cloudresourcemanager.googleapis.com/v1/projects/daily-checkup-ece39 {"projectNumber":"130866283427","projectId":"daily-checkup-ece39","lifecycleState":"ACTIVE","name":"Daily Checkup","labels":{"firebase":"enabled","firebase-core":"disabled"},"createTime":"2025-03-23T14:43:47.513032Z"}
[info] i  functions: preparing codebase default for deployment 
[info] i  functions: ensuring required API cloudfunctions.googleapis.com is enabled... 
[debug] [2025-03-31T21:05:53.527Z] Checked if tokens are valid: true, expires at: 1743457025695
[debug] [2025-03-31T21:05:53.527Z] Checked if tokens are valid: true, expires at: 1743457025695
[debug] [2025-03-31T21:05:53.528Z] Checked if tokens are valid: true, expires at: 1743457025695
[debug] [2025-03-31T21:05:53.528Z] Checked if tokens are valid: true, expires at: 1743457025695
[info] i  functions: ensuring required API cloudbuild.googleapis.com is enabled... 
[debug] [2025-03-31T21:05:53.528Z] Checked if tokens are valid: true, expires at: 1743457025695
[debug] [2025-03-31T21:05:53.529Z] Checked if tokens are valid: true, expires at: 1743457025695
[info] i  artifactregistry: ensuring required API artifactregistry.googleapis.com is enabled... 
[debug] [2025-03-31T21:05:53.529Z] Checked if tokens are valid: true, expires at: 1743457025695
[debug] [2025-03-31T21:05:53.529Z] Checked if tokens are valid: true, expires at: 1743457025695
[debug] [2025-03-31T21:05:53.529Z] >>> [apiv2][query] GET https://serviceusage.googleapis.com/v1/projects/daily-checkup-ece39/services/cloudfunctions.googleapis.com [none]
[debug] [2025-03-31T21:05:53.529Z] >>> [apiv2][(partial)header] GET https://serviceusage.googleapis.com/v1/projects/daily-checkup-ece39/services/cloudfunctions.googleapis.com x-goog-quota-user=projects/daily-checkup-ece39
[debug] [2025-03-31T21:05:53.531Z] >>> [apiv2][query] GET https://serviceusage.googleapis.com/v1/projects/daily-checkup-ece39/services/runtimeconfig.googleapis.com [none]
[debug] [2025-03-31T21:05:53.532Z] >>> [apiv2][(partial)header] GET https://serviceusage.googleapis.com/v1/projects/daily-checkup-ece39/services/runtimeconfig.googleapis.com x-goog-quota-user=projects/daily-checkup-ece39
[debug] [2025-03-31T21:05:53.534Z] >>> [apiv2][query] GET https://serviceusage.googleapis.com/v1/projects/daily-checkup-ece39/services/cloudbuild.googleapis.com [none]
[debug] [2025-03-31T21:05:53.535Z] >>> [apiv2][(partial)header] GET https://serviceusage.googleapis.com/v1/projects/daily-checkup-ece39/services/cloudbuild.googleapis.com x-goog-quota-user=projects/daily-checkup-ece39
[debug] [2025-03-31T21:05:53.536Z] >>> [apiv2][query] GET https://serviceusage.googleapis.com/v1/projects/daily-checkup-ece39/services/artifactregistry.googleapis.com [none]
[debug] [2025-03-31T21:05:53.539Z] >>> [apiv2][(partial)header] GET https://serviceusage.googleapis.com/v1/projects/daily-checkup-ece39/services/artifactregistry.googleapis.com x-goog-quota-user=projects/daily-checkup-ece39
[debug] [2025-03-31T21:05:55.179Z] <<< [apiv2][status] GET https://serviceusage.googleapis.com/v1/projects/daily-checkup-ece39/services/cloudbuild.googleapis.com 200
[debug] [2025-03-31T21:05:55.181Z] <<< [apiv2][body] GET https://serviceusage.googleapis.com/v1/projects/daily-checkup-ece39/services/cloudbuild.googleapis.com [omitted]
[info] +  functions: required API cloudbuild.googleapis.com is enabled 
[debug] [2025-03-31T21:05:55.185Z] <<< [apiv2][status] GET https://serviceusage.googleapis.com/v1/projects/daily-checkup-ece39/services/runtimeconfig.googleapis.com 200
[debug] [2025-03-31T21:05:55.185Z] <<< [apiv2][body] GET https://serviceusage.googleapis.com/v1/projects/daily-checkup-ece39/services/runtimeconfig.googleapis.com [omitted]
[debug] [2025-03-31T21:05:55.188Z] <<< [apiv2][status] GET https://serviceusage.googleapis.com/v1/projects/daily-checkup-ece39/services/cloudfunctions.googleapis.com 200
[debug] [2025-03-31T21:05:55.189Z] <<< [apiv2][body] GET https://serviceusage.googleapis.com/v1/projects/daily-checkup-ece39/services/cloudfunctions.googleapis.com [omitted]
[info] +  functions: required API cloudfunctions.googleapis.com is enabled 
[debug] [2025-03-31T21:05:55.197Z] <<< [apiv2][status] GET https://serviceusage.googleapis.com/v1/projects/daily-checkup-ece39/services/artifactregistry.googleapis.com 200
[debug] [2025-03-31T21:05:55.197Z] <<< [apiv2][body] GET https://serviceusage.googleapis.com/v1/projects/daily-checkup-ece39/services/artifactregistry.googleapis.com [omitted]
[info] +  artifactregistry: required API artifactregistry.googleapis.com is enabled 
[debug] [2025-03-31T21:05:55.198Z] Checked if tokens are valid: true, expires at: 1743457025695
[debug] [2025-03-31T21:05:55.198Z] Checked if tokens are valid: true, expires at: 1743457025695
[debug] [2025-03-31T21:05:55.198Z] >>> [apiv2][query] GET https://firebase.googleapis.com/v1beta1/projects/daily-checkup-ece39/adminSdkConfig [none]
[debug] [2025-03-31T21:05:55.840Z] <<< [apiv2][status] GET https://firebase.googleapis.com/v1beta1/projects/daily-checkup-ece39/adminSdkConfig 200
[debug] [2025-03-31T21:05:55.841Z] <<< [apiv2][body] GET https://firebase.googleapis.com/v1beta1/projects/daily-checkup-ece39/adminSdkConfig {"projectId":"daily-checkup-ece39","storageBucket":"daily-checkup-ece39.firebasestorage.app"}
[debug] [2025-03-31T21:05:55.842Z] Checked if tokens are valid: true, expires at: 1743457025695
[debug] [2025-03-31T21:05:55.842Z] Checked if tokens are valid: true, expires at: 1743457025695
[debug] [2025-03-31T21:05:55.843Z] >>> [apiv2][query] GET https://runtimeconfig.googleapis.com/v1beta1/projects/daily-checkup-ece39/configs [none]
[debug] [2025-03-31T21:05:56.308Z] <<< [apiv2][status] GET https://runtimeconfig.googleapis.com/v1beta1/projects/daily-checkup-ece39/configs 200
[debug] [2025-03-31T21:05:56.326Z] <<< [apiv2][body] GET https://runtimeconfig.googleapis.com/v1beta1/projects/daily-checkup-ece39/configs {"configs":[{"name":"projects/daily-checkup-ece39/configs/email"}]}
[debug] [2025-03-31T21:05:56.327Z] Checked if tokens are valid: true, expires at: 1743457025695
[debug] [2025-03-31T21:05:56.327Z] Checked if tokens are valid: true, expires at: 1743457025695
[debug] [2025-03-31T21:05:56.328Z] >>> [apiv2][query] GET https://runtimeconfig.googleapis.com/v1beta1/projects/daily-checkup-ece39/configs/email/variables [none]
[debug] [2025-03-31T21:05:56.771Z] <<< [apiv2][status] GET https://runtimeconfig.googleapis.com/v1beta1/projects/daily-checkup-ece39/configs/email/variables 200
[debug] [2025-03-31T21:05:56.773Z] <<< [apiv2][body] GET https://runtimeconfig.googleapis.com/v1beta1/projects/daily-checkup-ece39/configs/email/variables {"variables":[{"name":"projects/daily-checkup-ece39/configs/email/variables/user","updateTime":"2025-03-30T10:19:30.135198219Z"},{"name":"projects/daily-checkup-ece39/configs/email/variables/pass","updateTime":"2025-03-30T10:19:30.293755399Z"}]}
[debug] [2025-03-31T21:05:56.774Z] Checked if tokens are valid: true, expires at: 1743457025695
[debug] [2025-03-31T21:05:56.774Z] Checked if tokens are valid: true, expires at: 1743457025695
[debug] [2025-03-31T21:05:56.774Z] Checked if tokens are valid: true, expires at: 1743457025695
[debug] [2025-03-31T21:05:56.774Z] Checked if tokens are valid: true, expires at: 1743457025695
[debug] [2025-03-31T21:05:56.774Z] >>> [apiv2][query] GET https://runtimeconfig.googleapis.com/v1beta1/projects/daily-checkup-ece39/configs/email/variables/user [none]
[debug] [2025-03-31T21:05:56.775Z] >>> [apiv2][query] GET https://runtimeconfig.googleapis.com/v1beta1/projects/daily-checkup-ece39/configs/email/variables/pass [none]
[debug] [2025-03-31T21:05:57.137Z] <<< [apiv2][status] GET https://runtimeconfig.googleapis.com/v1beta1/projects/daily-checkup-ece39/configs/email/variables/user 200
[debug] [2025-03-31T21:05:57.139Z] <<< [apiv2][body] GET https://runtimeconfig.googleapis.com/v1beta1/projects/daily-checkup-ece39/configs/email/variables/user {"name":"projects/daily-checkup-ece39/configs/email/variables/user","updateTime":"2025-03-30T10:19:30.135198219Z","text":"dailycheckup9@gmail.com"}
[debug] [2025-03-31T21:05:57.145Z] <<< [apiv2][status] GET https://runtimeconfig.googleapis.com/v1beta1/projects/daily-checkup-ece39/configs/email/variables/pass 200
[debug] [2025-03-31T21:05:57.145Z] <<< [apiv2][body] GET https://runtimeconfig.googleapis.com/v1beta1/projects/daily-checkup-ece39/configs/email/variables/pass {"name":"projects/daily-checkup-ece39/configs/email/variables/pass","updateTime":"2025-03-30T10:19:30.293755399Z","text":"informed9639"}
[debug] [2025-03-31T21:05:57.148Z] Validating nodejs source
[debug] [2025-03-31T21:05:58.482Z] > [functions] package.json contents: {
  "name": "functions",
  "scripts": {
    "lint": "eslint --ext .js,.ts .",
    "build": "tsc",
    "build:watch": "tsc --watch",
    "serve": "npm run build && firebase emulators:start --only functions",
    "shell": "npm run build && firebase functions:shell",
    "start": "npm run shell",
    "deploy": "firebase deploy --only functions",
    "logs": "firebase functions:log"
  },
  "engines": {
    "node": "22"
  },
  "main": "lib/index.js",
  "dependencies": {
    "firebase-admin": "^12.6.0",
    "firebase-functions": "^6.0.1",
    "nodemailer": "^6.10.0"
  },
  "devDependencies": {
    "@types/nodemailer": "^6.4.17",
    "@typescript-eslint/eslint-plugin": "^5.12.0",
    "@typescript-eslint/parser": "^5.12.0",
    "eslint": "^8.9.0",
    "eslint-config-google": "^0.14.0",
    "eslint-plugin-import": "^2.25.4",
    "firebase-functions-test": "^3.1.0",
    "typescript": "^5.8.2"
  },
  "private": true
}
[debug] [2025-03-31T21:05:58.484Z] Building nodejs source
[info] i  functions: Loading and analyzing source code for codebase default to determine what to deploy 
[debug] [2025-03-31T21:05:58.488Z] Could not find functions.yaml. Must use http discovery
[debug] [2025-03-31T21:05:58.501Z] Found firebase-functions binary at 'G:\PROJECTS\daily-checkup\functions\node_modules\.bin\firebase-functions'
[info] Serving at port 8702

[debug] [2025-03-31T21:06:04.781Z] Got response from /__/functions.yaml {"endpoints":{"sendFriendRequest":{"availableMemoryMb":null,"timeoutSeconds":null,"minInstances":null,"maxInstances":null,"ingressSettings":null,"concurrency":null,"serviceAccountEmail":null,"vpc":null,"platform":"gcfv2","labels":{},"callableTrigger":{},"entryPoint":"sendFriendRequest"}},"specVersion":"v1alpha1","requiredAPIs":[],"extensions":{}}
[info] i  extensions: ensuring required API firebaseextensions.googleapis.com is enabled... 
[debug] [2025-03-31T21:06:08.987Z] Checked if tokens are valid: true, expires at: 1743457025695
[debug] [2025-03-31T21:06:08.987Z] Checked if tokens are valid: true, expires at: 1743457025695
[debug] [2025-03-31T21:06:08.987Z] >>> [apiv2][query] GET https://serviceusage.googleapis.com/v1/projects/daily-checkup-ece39/services/firebaseextensions.googleapis.com [none]
[debug] [2025-03-31T21:06:08.987Z] >>> [apiv2][(partial)header] GET https://serviceusage.googleapis.com/v1/projects/daily-checkup-ece39/services/firebaseextensions.googleapis.com x-goog-quota-user=projects/daily-checkup-ece39
[debug] [2025-03-31T21:06:10.616Z] <<< [apiv2][status] GET https://serviceusage.googleapis.com/v1/projects/daily-checkup-ece39/services/firebaseextensions.googleapis.com 200
[debug] [2025-03-31T21:06:10.618Z] <<< [apiv2][body] GET https://serviceusage.googleapis.com/v1/projects/daily-checkup-ece39/services/firebaseextensions.googleapis.com [omitted]
[info] +  extensions: required API firebaseextensions.googleapis.com is enabled 
[debug] [2025-03-31T21:06:10.618Z] > command requires scopes: ["email","openid","https://www.googleapis.com/auth/cloudplatformprojects.readonly","https://www.googleapis.com/auth/firebase","https://www.googleapis.com/auth/cloud-platform"]
[debug] [2025-03-31T21:06:10.619Z] > authorizing via signed-in user (dailycheckup9@gmail.com)
[debug] [2025-03-31T21:06:10.619Z] [iam] checking project daily-checkup-ece39 for permissions ["firebase.projects.get","firebaseextensions.instances.list"]
[debug] [2025-03-31T21:06:10.619Z] Checked if tokens are valid: true, expires at: 1743457025695
[debug] [2025-03-31T21:06:10.619Z] Checked if tokens are valid: true, expires at: 1743457025695
[debug] [2025-03-31T21:06:10.620Z] >>> [apiv2][query] POST https://cloudresourcemanager.googleapis.com/v1/projects/daily-checkup-ece39:testIamPermissions [none]
[debug] [2025-03-31T21:06:10.620Z] >>> [apiv2][(partial)header] POST https://cloudresourcemanager.googleapis.com/v1/projects/daily-checkup-ece39:testIamPermissions x-goog-quota-user=projects/daily-checkup-ece39
[debug] [2025-03-31T21:06:10.620Z] >>> [apiv2][body] POST https://cloudresourcemanager.googleapis.com/v1/projects/daily-checkup-ece39:testIamPermissions {"permissions":["firebase.projects.get","firebaseextensions.instances.list"]}
[debug] [2025-03-31T21:06:11.935Z] <<< [apiv2][status] POST https://cloudresourcemanager.googleapis.com/v1/projects/daily-checkup-ece39:testIamPermissions 200
[debug] [2025-03-31T21:06:11.936Z] <<< [apiv2][body] POST https://cloudresourcemanager.googleapis.com/v1/projects/daily-checkup-ece39:testIamPermissions {"permissions":["firebase.projects.get","firebaseextensions.instances.list"]}
[debug] [2025-03-31T21:06:11.937Z] Checked if tokens are valid: true, expires at: 1743457025695
[debug] [2025-03-31T21:06:11.937Z] Checked if tokens are valid: true, expires at: 1743457025695
[debug] [2025-03-31T21:06:11.937Z] >>> [apiv2][query] GET https://firebaseextensions.googleapis.com/v1beta/projects/daily-checkup-ece39/instances pageSize=100&pageToken=
[debug] [2025-03-31T21:06:13.527Z] <<< [apiv2][status] GET https://firebaseextensions.googleapis.com/v1beta/projects/daily-checkup-ece39/instances 200
[debug] [2025-03-31T21:06:13.529Z] <<< [apiv2][body] GET https://firebaseextensions.googleapis.com/v1beta/projects/daily-checkup-ece39/instances {}
[info] i  functions: preparing functions directory for uploading... 
[info] i  functions: packaged G:\PROJECTS\daily-checkup\functions (89.74 KB) for uploading 
[debug] [2025-03-31T21:06:13.632Z] Checked if tokens are valid: true, expires at: 1743457025695
[debug] [2025-03-31T21:06:13.633Z] Checked if tokens are valid: true, expires at: 1743457025695
[debug] [2025-03-31T21:06:13.633Z] >>> [apiv2][query] GET https://cloudfunctions.googleapis.com/v1/projects/daily-checkup-ece39/locations/-/functions [none]
[debug] [2025-03-31T21:06:14.568Z] <<< [apiv2][status] GET https://cloudfunctions.googleapis.com/v1/projects/daily-checkup-ece39/locations/-/functions 200
[debug] [2025-03-31T21:06:14.569Z] <<< [apiv2][body] GET https://cloudfunctions.googleapis.com/v1/projects/daily-checkup-ece39/locations/-/functions {}
[debug] [2025-03-31T21:06:14.570Z] Checked if tokens are valid: true, expires at: 1743457025695
[debug] [2025-03-31T21:06:14.570Z] Checked if tokens are valid: true, expires at: 1743457025695
[debug] [2025-03-31T21:06:14.570Z] >>> [apiv2][query] GET https://cloudfunctions.googleapis.com/v2/projects/daily-checkup-ece39/locations/-/functions filter=environment%3D%22GEN_2%22
[debug] [2025-03-31T21:06:16.152Z] <<< [apiv2][status] GET https://cloudfunctions.googleapis.com/v2/projects/daily-checkup-ece39/locations/-/functions 200
[debug] [2025-03-31T21:06:16.154Z] <<< [apiv2][body] GET https://cloudfunctions.googleapis.com/v2/projects/daily-checkup-ece39/locations/-/functions {"functions":[{"name":"projects/daily-checkup-ece39/locations/us-central1/functions/sendFriendRequest","buildConfig":{"build":"projects/130866283427/locations/us-central1/builds/84d33131-1bdc-4d58-a955-7bcefe83c954","runtime":"nodejs22","entryPoint":"sendFriendRequest","source":{"storageSource":{"bucket":"gcf-v2-sources-130866283427-us-central1","object":"sendFriendRequest/function-source.zip","generation":"1743330095127945"}},"environmentVariables":{"GOOGLE_NODE_RUN_SCRIPTS":""},"dockerRepository":"projects/daily-checkup-ece39/locations/us-central1/repositories/gcf-artifacts","sourceProvenance":{"resolvedStorageSource":{"bucket":"gcf-v2-sources-130866283427-us-central1","object":"sendFriendRequest/function-source.zip","generation":"1743330095127945"}},"dockerRegistry":"ARTIFACT_REGISTRY","serviceAccount":"projects/daily-checkup-ece39/serviceAccounts/130866283427-compute@developer.gserviceaccount.com","automaticUpdatePolicy":{}},"serviceConfig":{"service":"projects/daily-checkup-ece39/locations/us-central1/services/sendfriendrequest","timeoutSeconds":60,"environmentVariables":{"FIREBASE_CONFIG":"{\"projectId\":\"daily-checkup-ece39\",\"storageBucket\":\"daily-checkup-ece39.firebasestorage.app\"}","GCLOUD_PROJECT":"daily-checkup-ece39","EVENTARC_CLOUD_EVENT_SOURCE":"projects/daily-checkup-ece39/locations/us-central1/services/sendFriendRequest","FUNCTION_TARGET":"sendFriendRequest","LOG_EXECUTION_ID":"true"},"maxInstanceCount":100,"ingressSettings":"ALLOW_ALL","uri":"https://sendfriendrequest-4y2bteiyfq-uc.a.run.app","serviceAccountEmail":"130866283427-compute@developer.gserviceaccount.com","availableMemory":"256Mi","allTrafficOnLatestRevision":true,"revision":"sendfriendrequest-00002-qas","maxInstanceRequestConcurrency":80,"availableCpu":"1"},"state":"ACTIVE","updateTime":"2025-03-30T10:22:25.787797511Z","labels":{"deployment-callable":"true","firebase-functions-hash":"c987a24bfc30d06fcd2a13e13552926e58ec2041","deployment-tool":"cli-firebase"},"environment":"GEN_2","url":"https://us-central1-daily-checkup-ece39.cloudfunctions.net/sendFriendRequest","createTime":"2025-03-30T09:48:15.028297389Z","satisfiesPzi":true}]}
[info] i  functions: ensuring required API run.googleapis.com is enabled... 
[debug] [2025-03-31T21:06:16.158Z] Checked if tokens are valid: true, expires at: 1743457025695
[debug] [2025-03-31T21:06:16.159Z] Checked if tokens are valid: true, expires at: 1743457025695
[info] i  functions: ensuring required API eventarc.googleapis.com is enabled... 
[debug] [2025-03-31T21:06:16.159Z] Checked if tokens are valid: true, expires at: 1743457025695
[debug] [2025-03-31T21:06:16.159Z] Checked if tokens are valid: true, expires at: 1743457025695
[info] i  functions: ensuring required API pubsub.googleapis.com is enabled... 
[debug] [2025-03-31T21:06:16.159Z] Checked if tokens are valid: true, expires at: 1743457025695
[debug] [2025-03-31T21:06:16.159Z] Checked if tokens are valid: true, expires at: 1743457025695
[info] i  functions: ensuring required API storage.googleapis.com is enabled... 
[debug] [2025-03-31T21:06:16.160Z] Checked if tokens are valid: true, expires at: 1743457025695
[debug] [2025-03-31T21:06:16.160Z] Checked if tokens are valid: true, expires at: 1743457025695
[debug] [2025-03-31T21:06:16.160Z] >>> [apiv2][query] GET https://serviceusage.googleapis.com/v1/projects/daily-checkup-ece39/services/run.googleapis.com [none]
[debug] [2025-03-31T21:06:16.160Z] >>> [apiv2][(partial)header] GET https://serviceusage.googleapis.com/v1/projects/daily-checkup-ece39/services/run.googleapis.com x-goog-quota-user=projects/daily-checkup-ece39
[debug] [2025-03-31T21:06:16.165Z] >>> [apiv2][query] GET https://serviceusage.googleapis.com/v1/projects/daily-checkup-ece39/services/eventarc.googleapis.com [none]
[debug] [2025-03-31T21:06:16.165Z] >>> [apiv2][(partial)header] GET https://serviceusage.googleapis.com/v1/projects/daily-checkup-ece39/services/eventarc.googleapis.com x-goog-quota-user=projects/daily-checkup-ece39
[debug] [2025-03-31T21:06:16.167Z] >>> [apiv2][query] GET https://serviceusage.googleapis.com/v1/projects/daily-checkup-ece39/services/pubsub.googleapis.com [none]
[debug] [2025-03-31T21:06:16.168Z] >>> [apiv2][(partial)header] GET https://serviceusage.googleapis.com/v1/projects/daily-checkup-ece39/services/pubsub.googleapis.com x-goog-quota-user=projects/daily-checkup-ece39
[debug] [2025-03-31T21:06:16.170Z] >>> [apiv2][query] GET https://serviceusage.googleapis.com/v1/projects/daily-checkup-ece39/services/storage.googleapis.com [none]
[debug] [2025-03-31T21:06:16.170Z] >>> [apiv2][(partial)header] GET https://serviceusage.googleapis.com/v1/projects/daily-checkup-ece39/services/storage.googleapis.com x-goog-quota-user=projects/daily-checkup-ece39
[debug] [2025-03-31T21:06:17.775Z] <<< [apiv2][status] GET https://serviceusage.googleapis.com/v1/projects/daily-checkup-ece39/services/eventarc.googleapis.com 200
[debug] [2025-03-31T21:06:17.776Z] <<< [apiv2][body] GET https://serviceusage.googleapis.com/v1/projects/daily-checkup-ece39/services/eventarc.googleapis.com [omitted]
[info] +  functions: required API eventarc.googleapis.com is enabled 
[debug] [2025-03-31T21:06:17.780Z] <<< [apiv2][status] GET https://serviceusage.googleapis.com/v1/projects/daily-checkup-ece39/services/pubsub.googleapis.com 200
[debug] [2025-03-31T21:06:17.780Z] <<< [apiv2][body] GET https://serviceusage.googleapis.com/v1/projects/daily-checkup-ece39/services/pubsub.googleapis.com [omitted]
[info] +  functions: required API pubsub.googleapis.com is enabled 
[debug] [2025-03-31T21:06:17.782Z] <<< [apiv2][status] GET https://serviceusage.googleapis.com/v1/projects/daily-checkup-ece39/services/storage.googleapis.com 200
[debug] [2025-03-31T21:06:17.782Z] <<< [apiv2][body] GET https://serviceusage.googleapis.com/v1/projects/daily-checkup-ece39/services/storage.googleapis.com [omitted]
[info] +  functions: required API storage.googleapis.com is enabled 
[debug] [2025-03-31T21:06:17.785Z] <<< [apiv2][status] GET https://serviceusage.googleapis.com/v1/projects/daily-checkup-ece39/services/run.googleapis.com 200
[debug] [2025-03-31T21:06:17.785Z] <<< [apiv2][body] GET https://serviceusage.googleapis.com/v1/projects/daily-checkup-ece39/services/run.googleapis.com [omitted]
[info] +  functions: required API run.googleapis.com is enabled 
[info] i  functions: generating the service identity for pubsub.googleapis.com... 
[debug] [2025-03-31T21:06:17.786Z] Checked if tokens are valid: true, expires at: 1743457025695
[debug] [2025-03-31T21:06:17.786Z] Checked if tokens are valid: true, expires at: 1743457025695
[info] i  functions: generating the service identity for eventarc.googleapis.com... 
[debug] [2025-03-31T21:06:17.786Z] Checked if tokens are valid: true, expires at: 1743457025695
[debug] [2025-03-31T21:06:17.787Z] Checked if tokens are valid: true, expires at: 1743457025695
[debug] [2025-03-31T21:06:17.787Z] >>> [apiv2][query] POST https://serviceusage.googleapis.com/v1beta1/projects/130866283427/services/pubsub.googleapis.com:generateServiceIdentity [none]
[debug] [2025-03-31T21:06:17.787Z] >>> [apiv2][query] POST https://serviceusage.googleapis.com/v1beta1/projects/130866283427/services/eventarc.googleapis.com:generateServiceIdentity [none]
[debug] [2025-03-31T21:06:19.382Z] <<< [apiv2][status] POST https://serviceusage.googleapis.com/v1beta1/projects/130866283427/services/pubsub.googleapis.com:generateServiceIdentity 200
[debug] [2025-03-31T21:06:19.383Z] <<< [apiv2][body] POST https://serviceusage.googleapis.com/v1beta1/projects/130866283427/services/pubsub.googleapis.com:generateServiceIdentity {"name":"operations/finished.DONE_OPERATION","done":true,"response":{"@type":"type.googleapis.com/google.api.serviceusage.v1beta1.ServiceIdentity","email":"service-130866283427@gcp-sa-pubsub.iam.gserviceaccount.com","uniqueId":"116113570908930699727"}}
[debug] [2025-03-31T21:06:19.407Z] <<< [apiv2][status] POST https://serviceusage.googleapis.com/v1beta1/projects/130866283427/services/eventarc.googleapis.com:generateServiceIdentity 200
[debug] [2025-03-31T21:06:19.408Z] <<< [apiv2][body] POST https://serviceusage.googleapis.com/v1beta1/projects/130866283427/services/eventarc.googleapis.com:generateServiceIdentity {"name":"operations/finished.DONE_OPERATION","done":true,"response":{"@type":"type.googleapis.com/google.api.serviceusage.v1beta1.ServiceIdentity","email":"service-130866283427@gcp-sa-eventarc.iam.gserviceaccount.com","uniqueId":"100979310573167760290"}}
[debug] [2025-03-31T21:06:19.410Z] Checked if tokens are valid: true, expires at: 1743457025695
[debug] [2025-03-31T21:06:19.410Z] Checked if tokens are valid: true, expires at: 1743457025695
[debug] [2025-03-31T21:06:19.411Z] >>> [apiv2][query] GET https://cloudresourcemanager.googleapis.com/v1/projects/daily-checkup-ece39 [none]
[debug] [2025-03-31T21:06:20.770Z] <<< [apiv2][status] GET https://cloudresourcemanager.googleapis.com/v1/projects/daily-checkup-ece39 200
[debug] [2025-03-31T21:06:20.775Z] <<< [apiv2][body] GET https://cloudresourcemanager.googleapis.com/v1/projects/daily-checkup-ece39 {"projectNumber":"130866283427","projectId":"daily-checkup-ece39","lifecycleState":"ACTIVE","name":"Daily Checkup","labels":{"firebase":"enabled","firebase-core":"disabled"},"createTime":"2025-03-23T14:43:47.513032Z"}
[debug] [2025-03-31T21:06:20.776Z] Checked if tokens are valid: true, expires at: 1743457025695
[debug] [2025-03-31T21:06:20.777Z] Checked if tokens are valid: true, expires at: 1743457025695
[debug] [2025-03-31T21:06:20.777Z] >>> [apiv2][query] GET https://cloudbilling.googleapis.com/v1/projects/daily-checkup-ece39/billingInfo [none]
[debug] [2025-03-31T21:06:22.365Z] <<< [apiv2][status] GET https://cloudbilling.googleapis.com/v1/projects/daily-checkup-ece39/billingInfo 200
[debug] [2025-03-31T21:06:22.366Z] <<< [apiv2][body] GET https://cloudbilling.googleapis.com/v1/projects/daily-checkup-ece39/billingInfo {"name":"projects/daily-checkup-ece39/billingInfo","projectId":"daily-checkup-ece39","billingAccountName":"billingAccounts/015A90-378EB1-F0C55C","billingEnabled":true}
[debug] [2025-03-31T21:06:22.368Z] Checked if tokens are valid: true, expires at: 1743457025695
[debug] [2025-03-31T21:06:22.368Z] Checked if tokens are valid: true, expires at: 1743457025695
[debug] [2025-03-31T21:06:22.369Z] >>> [apiv2][query] POST https://cloudfunctions.googleapis.com/v2/projects/daily-checkup-ece39/locations/us-central1/functions:generateUploadUrl [none]
[debug] [2025-03-31T21:06:23.823Z] <<< [apiv2][status] POST https://cloudfunctions.googleapis.com/v2/projects/daily-checkup-ece39/locations/us-central1/functions:generateUploadUrl 200
[debug] [2025-03-31T21:06:23.825Z] <<< [apiv2][body] POST https://cloudfunctions.googleapis.com/v2/projects/daily-checkup-ece39/locations/us-central1/functions:generateUploadUrl {"uploadUrl":"https://storage.googleapis.com/gcf-v2-uploads-130866283427.us-central1.cloudfunctions.appspot.com/90d7ebed-24d0-4f10-9592-baf55dc6322f.zip?GoogleAccessId=service-130866283427@gcf-admin-robot.iam.gserviceaccount.com&Expires=1743456983&Signature=O%2B1H2KOfW64%2F%2FGq9cA%2FU30lQ%2FpT0nBxph4R07F4KbYE1JktF4LCQDOXZcLgn%2BVKTv%2B4n14d0xx3lBlSYMLCk8Hxit3LQjfprBnh5jiEWXMwwkQwcR1nwvyJbZ87tdgU2DeV%2B4%2BPfJ4xxe0loXQnFkdoOBBQxgCqCvo21oGgZHfNIvrtEU%2F4j2nOkqK6iW6R%2BmjOiCcifkoKcnG6vDL582A4umwrQNL7%2FBnyQAz7rW9VYKonAUbyzLeleT1Kx1SWC4pmqyHeyqAiYhaOKlZe5wPajGCFs%2BlGVpW5330mH40X%2FHZuSaDnFw5al23ZyqhthI3TLbK17NCn95iFLawVZbw%3D%3D","storageSource":{"bucket":"gcf-v2-uploads-130866283427.us-central1.cloudfunctions.appspot.com","object":"90d7ebed-24d0-4f10-9592-baf55dc6322f.zip"}}
[debug] [2025-03-31T21:06:23.826Z] >>> [apiv2][query] PUT https://storage.googleapis.com/gcf-v2-uploads-130866283427.us-central1.cloudfunctions.appspot.com/90d7ebed-24d0-4f10-9592-baf55dc6322f.zip GoogleAccessId=service-130866283427%40gcf-admin-robot.iam.gserviceaccount.com&Expires=1743456983&Signature=O%2B1H2KOfW64%2F%2FGq9cA%2FU30lQ%2FpT0nBxph4R07F4KbYE1JktF4LCQDOXZcLgn%2BVKTv%2B4n14d0xx3lBlSYMLCk8Hxit3LQjfprBnh5jiEWXMwwkQwcR1nwvyJbZ87tdgU2DeV%2B4%2BPfJ4xxe0loXQnFkdoOBBQxgCqCvo21oGgZHfNIvrtEU%2F4j2nOkqK6iW6R%2BmjOiCcifkoKcnG6vDL582A4umwrQNL7%2FBnyQAz7rW9VYKonAUbyzLeleT1Kx1SWC4pmqyHeyqAiYhaOKlZe5wPajGCFs%2BlGVpW5330mH40X%2FHZuSaDnFw5al23ZyqhthI3TLbK17NCn95iFLawVZbw%3D%3D
[debug] [2025-03-31T21:06:23.826Z] >>> [apiv2][body] PUT https://storage.googleapis.com/gcf-v2-uploads-130866283427.us-central1.cloudfunctions.appspot.com/90d7ebed-24d0-4f10-9592-baf55dc6322f.zip [stream]
[debug] [2025-03-31T21:06:26.081Z] <<< [apiv2][status] PUT https://storage.googleapis.com/gcf-v2-uploads-130866283427.us-central1.cloudfunctions.appspot.com/90d7ebed-24d0-4f10-9592-baf55dc6322f.zip 200
[debug] [2025-03-31T21:06:26.083Z] <<< [apiv2][body] PUT https://storage.googleapis.com/gcf-v2-uploads-130866283427.us-central1.cloudfunctions.appspot.com/90d7ebed-24d0-4f10-9592-baf55dc6322f.zip [omitted]
[info] +  functions: functions folder uploaded successfully 
[info] i  functions: updating Node.js 22 (2nd Gen) function sendFriendRequest(us-central1)... 
[debug] [2025-03-31T21:06:26.089Z] Checked if tokens are valid: true, expires at: 1743457025695
[debug] [2025-03-31T21:06:26.090Z] Checked if tokens are valid: true, expires at: 1743457025695
[debug] [2025-03-31T21:06:26.090Z] >>> [apiv2][query] PATCH https://cloudfunctions.googleapis.com/v2/projects/daily-checkup-ece39/locations/us-central1/functions/sendFriendRequest updateMask=name%2CbuildConfig.runtime%2CbuildConfig.entryPoint%2CbuildConfig.source.storageSource.bucket%2CbuildConfig.source.storageSource.object%2CbuildConfig.environmentVariables%2CbuildConfig.sourceToken%2CserviceConfig.environmentVariables%2CserviceConfig.ingressSettings%2CserviceConfig.timeoutSeconds%2CserviceConfig.serviceAccountEmail%2CserviceConfig.availableMemory%2CserviceConfig.minInstanceCount%2CserviceConfig.maxInstanceCount%2CserviceConfig.maxInstanceRequestConcurrency%2CserviceConfig.availableCpu%2CserviceConfig.vpcConnector%2CserviceConfig.vpcConnectorEgressSettings%2Clabels%2CbuildConfig.buildEnvironmentVariables
[debug] [2025-03-31T21:06:26.090Z] >>> [apiv2][body] PATCH https://cloudfunctions.googleapis.com/v2/projects/daily-checkup-ece39/locations/us-central1/functions/sendFriendRequest {"name":"projects/daily-checkup-ece39/locations/us-central1/functions/sendFriendRequest","buildConfig":{"runtime":"nodejs22","entryPoint":"sendFriendRequest","source":{"storageSource":{"bucket":"gcf-v2-uploads-130866283427.us-central1.cloudfunctions.appspot.com","object":"90d7ebed-24d0-4f10-9592-baf55dc6322f.zip"}},"environmentVariables":{"GOOGLE_NODE_RUN_SCRIPTS":""}},"serviceConfig":{"environmentVariables":{"FIREBASE_CONFIG":"{\"projectId\":\"daily-checkup-ece39\",\"storageBucket\":\"daily-checkup-ece39.firebasestorage.app\"}","GCLOUD_PROJECT":"daily-checkup-ece39","EVENTARC_CLOUD_EVENT_SOURCE":"projects/daily-checkup-ece39/locations/us-central1/services/sendFriendRequest","FUNCTION_TARGET":"sendFriendRequest","LOG_EXECUTION_ID":"true"},"ingressSettings":null,"timeoutSeconds":null,"serviceAccountEmail":null,"availableMemory":"256Mi","minInstanceCount":null,"maxInstanceCount":null,"maxInstanceRequestConcurrency":80,"availableCpu":"1","vpcConnector":null,"vpcConnectorEgressSettings":null},"labels":{"deployment-tool":"cli-firebase","deployment-callable":"true","firebase-functions-hash":"1d3657dc3c970233cbb744380dd2495908f141f3"}}
[debug] [2025-03-31T21:06:28.835Z] <<< [apiv2][status] PATCH https://cloudfunctions.googleapis.com/v2/projects/daily-checkup-ece39/locations/us-central1/functions/sendFriendRequest 200
[debug] [2025-03-31T21:06:28.837Z] <<< [apiv2][body] PATCH https://cloudfunctions.googleapis.com/v2/projects/daily-checkup-ece39/locations/us-central1/functions/sendFriendRequest {"name":"projects/daily-checkup-ece39/locations/us-central1/operations/operation-1743455187414-631a9cb20ad7b-5f8fa45a-0d7e81fb","metadata":{"@type":"type.googleapis.com/google.cloud.functions.v2.OperationMetadata","createTime":"2025-03-31T21:06:28.773085451Z","target":"projects/daily-checkup-ece39/locations/us-central1/functions/sendFriendRequest","verb":"update","cancelRequested":false,"apiVersion":"v2"},"done":false}
[debug] [2025-03-31T21:06:28.840Z] Checked if tokens are valid: true, expires at: 1743457025695
[debug] [2025-03-31T21:06:28.840Z] Checked if tokens are valid: true, expires at: 1743457025695
[debug] [2025-03-31T21:06:28.841Z] >>> [apiv2][query] GET https://cloudfunctions.googleapis.com/v2/projects/daily-checkup-ece39/locations/us-central1/operations/operation-1743455187414-631a9cb20ad7b-5f8fa45a-0d7e81fb [none]
[debug] [2025-03-31T21:06:30.188Z] <<< [apiv2][status] GET https://cloudfunctions.googleapis.com/v2/projects/daily-checkup-ece39/locations/us-central1/operations/operation-1743455187414-631a9cb20ad7b-5f8fa45a-0d7e81fb 200
[debug] [2025-03-31T21:06:30.190Z] <<< [apiv2][body] GET https://cloudfunctions.googleapis.com/v2/projects/daily-checkup-ece39/locations/us-central1/operations/operation-1743455187414-631a9cb20ad7b-5f8fa45a-0d7e81fb {"name":"projects/daily-checkup-ece39/locations/us-central1/operations/operation-1743455187414-631a9cb20ad7b-5f8fa45a-0d7e81fb","metadata":{"@type":"type.googleapis.com/google.cloud.functions.v2.OperationMetadata","createTime":"2025-03-31T21:06:28.773085451Z","target":"projects/daily-checkup-ece39/locations/us-central1/functions/sendFriendRequest","verb":"update","cancelRequested":false,"apiVersion":"v2","requestResource":{"@type":"type.googleapis.com/google.cloud.functions.v2.Function","name":"projects/daily-checkup-ece39/locations/us-central1/functions/sendFriendRequest","buildConfig":{"runtime":"nodejs22","entryPoint":"sendFriendRequest","source":{"storageSource":{"bucket":"gcf-v2-sources-130866283427-us-central1","object":"sendFriendRequest/function-source.zip","generation":"1743455188621417"}},"environmentVariables":{"GOOGLE_NODE_RUN_SCRIPTS":""},"dockerRepository":"projects/daily-checkup-ece39/locations/us-central1/repositories/gcf-artifacts","sourceProvenance":{"resolvedStorageSource":{"bucket":"gcf-v2-sources-130866283427-us-central1","object":"sendFriendRequest/function-source.zip","generation":"1743330095127945"}},"dockerRegistry":"ARTIFACT_REGISTRY","serviceAccount":"projects/daily-checkup-ece39/serviceAccounts/130866283427-compute@developer.gserviceaccount.com","automaticUpdatePolicy":{}},"serviceConfig":{"service":"projects/daily-checkup-ece39/locations/us-central1/services/sendfriendrequest","timeoutSeconds":60,"environmentVariables":{"FIREBASE_CONFIG":"{\"projectId\":\"daily-checkup-ece39\",\"storageBucket\":\"daily-checkup-ece39.firebasestorage.app\"}","GCLOUD_PROJECT":"daily-checkup-ece39","EVENTARC_CLOUD_EVENT_SOURCE":"projects/daily-checkup-ece39/locations/us-central1/services/sendFriendRequest","FUNCTION_TARGET":"sendFriendRequest","LOG_EXECUTION_ID":"true"},"ingressSettings":"ALLOW_ALL","uri":"https://sendfriendrequest-4y2bteiyfq-uc.a.run.app","serviceAccountEmail":"130866283427-compute@developer.gserviceaccount.com","availableMemory":"256Mi","allTrafficOnLatestRevision":true,"revision":"sendfriendrequest-00002-qas","maxInstanceRequestConcurrency":80,"availableCpu":"1"},"state":"ACTIVE","labels":{"deployment-tool":"cli-firebase","deployment-callable":"true","firebase-functions-hash":"1d3657dc3c970233cbb744380dd2495908f141f3"},"environment":"GEN_2","url":"https://us-central1-daily-checkup-ece39.cloudfunctions.net/sendFriendRequest","satisfiesPzi":true},"stages":[{"name":"BUILD","message":"Build in progress","state":"IN_PROGRESS","resource":"projects/130866283427/locations/us-central1/builds/67890421-a23f-4744-a994-a44d3e085497","resourceUri":"https://console.cloud.google.com/cloud-build/builds;region=us-central1/67890421-a23f-4744-a994-a44d3e085497?project=130866283427"},{"name":"SERVICE","state":"NOT_STARTED"}],"operationType":"UPDATE_FUNCTION","buildName":"projects/130866283427/locations/us-central1/builds/67890421-a23f-4744-a994-a44d3e085497"},"done":false}
[debug] [2025-03-31T21:06:30.700Z] [update-default-us-central1-sendFriendRequest] Retrying task index 0
[debug] [2025-03-31T21:06:30.702Z] Checked if tokens are valid: true, expires at: 1743457025695
[debug] [2025-03-31T21:06:30.702Z] Checked if tokens are valid: true, expires at: 1743457025695
[debug] [2025-03-31T21:06:30.702Z] >>> [apiv2][query] GET https://cloudfunctions.googleapis.com/v2/projects/daily-checkup-ece39/locations/us-central1/operations/operation-1743455187414-631a9cb20ad7b-5f8fa45a-0d7e81fb [none]
[debug] [2025-03-31T21:06:31.986Z] <<< [apiv2][status] GET https://cloudfunctions.googleapis.com/v2/projects/daily-checkup-ece39/locations/us-central1/operations/operation-1743455187414-631a9cb20ad7b-5f8fa45a-0d7e81fb 200
[debug] [2025-03-31T21:06:31.987Z] <<< [apiv2][body] GET https://cloudfunctions.googleapis.com/v2/projects/daily-checkup-ece39/locations/us-central1/operations/operation-1743455187414-631a9cb20ad7b-5f8fa45a-0d7e81fb {"name":"projects/daily-checkup-ece39/locations/us-central1/operations/operation-1743455187414-631a9cb20ad7b-5f8fa45a-0d7e81fb","metadata":{"@type":"type.googleapis.com/google.cloud.functions.v2.OperationMetadata","createTime":"2025-03-31T21:06:28.773085451Z","target":"projects/daily-checkup-ece39/locations/us-central1/functions/sendFriendRequest","verb":"update","cancelRequested":false,"apiVersion":"v2","requestResource":{"@type":"type.googleapis.com/google.cloud.functions.v2.Function","name":"projects/daily-checkup-ece39/locations/us-central1/functions/sendFriendRequest","buildConfig":{"runtime":"nodejs22","entryPoint":"sendFriendRequest","source":{"storageSource":{"bucket":"gcf-v2-sources-130866283427-us-central1","object":"sendFriendRequest/function-source.zip","generation":"1743455188621417"}},"environmentVariables":{"GOOGLE_NODE_RUN_SCRIPTS":""},"dockerRepository":"projects/daily-checkup-ece39/locations/us-central1/repositories/gcf-artifacts","sourceProvenance":{"resolvedStorageSource":{"bucket":"gcf-v2-sources-130866283427-us-central1","object":"sendFriendRequest/function-source.zip","generation":"1743330095127945"}},"dockerRegistry":"ARTIFACT_REGISTRY","serviceAccount":"projects/daily-checkup-ece39/serviceAccounts/130866283427-compute@developer.gserviceaccount.com","automaticUpdatePolicy":{}},"serviceConfig":{"service":"projects/daily-checkup-ece39/locations/us-central1/services/sendfriendrequest","timeoutSeconds":60,"environmentVariables":{"FIREBASE_CONFIG":"{\"projectId\":\"daily-checkup-ece39\",\"storageBucket\":\"daily-checkup-ece39.firebasestorage.app\"}","GCLOUD_PROJECT":"daily-checkup-ece39","EVENTARC_CLOUD_EVENT_SOURCE":"projects/daily-checkup-ece39/locations/us-central1/services/sendFriendRequest","FUNCTION_TARGET":"sendFriendRequest","LOG_EXECUTION_ID":"true"},"ingressSettings":"ALLOW_ALL","uri":"https://sendfriendrequest-4y2bteiyfq-uc.a.run.app","serviceAccountEmail":"130866283427-compute@developer.gserviceaccount.com","availableMemory":"256Mi","allTrafficOnLatestRevision":true,"revision":"sendfriendrequest-00002-qas","maxInstanceRequestConcurrency":80,"availableCpu":"1"},"state":"ACTIVE","labels":{"deployment-tool":"cli-firebase","deployment-callable":"true","firebase-functions-hash":"1d3657dc3c970233cbb744380dd2495908f141f3"},"environment":"GEN_2","url":"https://us-central1-daily-checkup-ece39.cloudfunctions.net/sendFriendRequest","satisfiesPzi":true},"stages":[{"name":"BUILD","message":"Build in progress","state":"IN_PROGRESS","resource":"projects/130866283427/locations/us-central1/builds/67890421-a23f-4744-a994-a44d3e085497","resourceUri":"https://console.cloud.google.com/cloud-build/builds;region=us-central1/67890421-a23f-4744-a994-a44d3e085497?project=130866283427"},{"name":"SERVICE","state":"NOT_STARTED"}],"operationType":"UPDATE_FUNCTION","buildName":"projects/130866283427/locations/us-central1/builds/67890421-a23f-4744-a994-a44d3e085497"},"done":false}
[debug] [2025-03-31T21:06:32.993Z] [update-default-us-central1-sendFriendRequest] Retrying task index 0
[debug] [2025-03-31T21:06:32.995Z] Checked if tokens are valid: true, expires at: 1743457025695
[debug] [2025-03-31T21:06:32.995Z] Checked if tokens are valid: true, expires at: 1743457025695
[debug] [2025-03-31T21:06:32.995Z] >>> [apiv2][query] GET https://cloudfunctions.googleapis.com/v2/projects/daily-checkup-ece39/locations/us-central1/operations/operation-1743455187414-631a9cb20ad7b-5f8fa45a-0d7e81fb [none]
[debug] [2025-03-31T21:06:34.282Z] <<< [apiv2][status] GET https://cloudfunctions.googleapis.com/v2/projects/daily-checkup-ece39/locations/us-central1/operations/operation-1743455187414-631a9cb20ad7b-5f8fa45a-0d7e81fb 200
[debug] [2025-03-31T21:06:34.283Z] <<< [apiv2][body] GET https://cloudfunctions.googleapis.com/v2/projects/daily-checkup-ece39/locations/us-central1/operations/operation-1743455187414-631a9cb20ad7b-5f8fa45a-0d7e81fb {"name":"projects/daily-checkup-ece39/locations/us-central1/operations/operation-1743455187414-631a9cb20ad7b-5f8fa45a-0d7e81fb","metadata":{"@type":"type.googleapis.com/google.cloud.functions.v2.OperationMetadata","createTime":"2025-03-31T21:06:28.773085451Z","target":"projects/daily-checkup-ece39/locations/us-central1/functions/sendFriendRequest","verb":"update","cancelRequested":false,"apiVersion":"v2","requestResource":{"@type":"type.googleapis.com/google.cloud.functions.v2.Function","name":"projects/daily-checkup-ece39/locations/us-central1/functions/sendFriendRequest","buildConfig":{"runtime":"nodejs22","entryPoint":"sendFriendRequest","source":{"storageSource":{"bucket":"gcf-v2-sources-130866283427-us-central1","object":"sendFriendRequest/function-source.zip","generation":"1743455188621417"}},"environmentVariables":{"GOOGLE_NODE_RUN_SCRIPTS":""},"dockerRepository":"projects/daily-checkup-ece39/locations/us-central1/repositories/gcf-artifacts","sourceProvenance":{"resolvedStorageSource":{"bucket":"gcf-v2-sources-130866283427-us-central1","object":"sendFriendRequest/function-source.zip","generation":"1743330095127945"}},"dockerRegistry":"ARTIFACT_REGISTRY","serviceAccount":"projects/daily-checkup-ece39/serviceAccounts/130866283427-compute@developer.gserviceaccount.com","automaticUpdatePolicy":{}},"serviceConfig":{"service":"projects/daily-checkup-ece39/locations/us-central1/services/sendfriendrequest","timeoutSeconds":60,"environmentVariables":{"FIREBASE_CONFIG":"{\"projectId\":\"daily-checkup-ece39\",\"storageBucket\":\"daily-checkup-ece39.firebasestorage.app\"}","GCLOUD_PROJECT":"daily-checkup-ece39","EVENTARC_CLOUD_EVENT_SOURCE":"projects/daily-checkup-ece39/locations/us-central1/services/sendFriendRequest","FUNCTION_TARGET":"sendFriendRequest","LOG_EXECUTION_ID":"true"},"ingressSettings":"ALLOW_ALL","uri":"https://sendfriendrequest-4y2bteiyfq-uc.a.run.app","serviceAccountEmail":"130866283427-compute@developer.gserviceaccount.com","availableMemory":"256Mi","allTrafficOnLatestRevision":true,"revision":"sendfriendrequest-00002-qas","maxInstanceRequestConcurrency":80,"availableCpu":"1"},"state":"ACTIVE","labels":{"deployment-tool":"cli-firebase","deployment-callable":"true","firebase-functions-hash":"1d3657dc3c970233cbb744380dd2495908f141f3"},"environment":"GEN_2","url":"https://us-central1-daily-checkup-ece39.cloudfunctions.net/sendFriendRequest","satisfiesPzi":true},"stages":[{"name":"BUILD","message":"Build in progress","state":"IN_PROGRESS","resource":"projects/130866283427/locations/us-central1/builds/67890421-a23f-4744-a994-a44d3e085497","resourceUri":"https://console.cloud.google.com/cloud-build/builds;region=us-central1/67890421-a23f-4744-a994-a44d3e085497?project=130866283427"},{"name":"SERVICE","state":"NOT_STARTED"}],"operationType":"UPDATE_FUNCTION","buildName":"projects/130866283427/locations/us-central1/builds/67890421-a23f-4744-a994-a44d3e085497"},"done":false}
[debug] [2025-03-31T21:06:36.292Z] [update-default-us-central1-sendFriendRequest] Retrying task index 0
[debug] [2025-03-31T21:06:36.294Z] Checked if tokens are valid: true, expires at: 1743457025695
[debug] [2025-03-31T21:06:36.294Z] Checked if tokens are valid: true, expires at: 1743457025695
[debug] [2025-03-31T21:06:36.294Z] >>> [apiv2][query] GET https://cloudfunctions.googleapis.com/v2/projects/daily-checkup-ece39/locations/us-central1/operations/operation-1743455187414-631a9cb20ad7b-5f8fa45a-0d7e81fb [none]
[debug] [2025-03-31T21:06:37.586Z] <<< [apiv2][status] GET https://cloudfunctions.googleapis.com/v2/projects/daily-checkup-ece39/locations/us-central1/operations/operation-1743455187414-631a9cb20ad7b-5f8fa45a-0d7e81fb 200
[debug] [2025-03-31T21:06:37.592Z] <<< [apiv2][body] GET https://cloudfunctions.googleapis.com/v2/projects/daily-checkup-ece39/locations/us-central1/operations/operation-1743455187414-631a9cb20ad7b-5f8fa45a-0d7e81fb {"name":"projects/daily-checkup-ece39/locations/us-central1/operations/operation-1743455187414-631a9cb20ad7b-5f8fa45a-0d7e81fb","metadata":{"@type":"type.googleapis.com/google.cloud.functions.v2.OperationMetadata","createTime":"2025-03-31T21:06:28.773085451Z","target":"projects/daily-checkup-ece39/locations/us-central1/functions/sendFriendRequest","verb":"update","cancelRequested":false,"apiVersion":"v2","requestResource":{"@type":"type.googleapis.com/google.cloud.functions.v2.Function","name":"projects/daily-checkup-ece39/locations/us-central1/functions/sendFriendRequest","buildConfig":{"runtime":"nodejs22","entryPoint":"sendFriendRequest","source":{"storageSource":{"bucket":"gcf-v2-sources-130866283427-us-central1","object":"sendFriendRequest/function-source.zip","generation":"1743455188621417"}},"environmentVariables":{"GOOGLE_NODE_RUN_SCRIPTS":""},"dockerRepository":"projects/daily-checkup-ece39/locations/us-central1/repositories/gcf-artifacts","sourceProvenance":{"resolvedStorageSource":{"bucket":"gcf-v2-sources-130866283427-us-central1","object":"sendFriendRequest/function-source.zip","generation":"1743330095127945"}},"dockerRegistry":"ARTIFACT_REGISTRY","serviceAccount":"projects/daily-checkup-ece39/serviceAccounts/130866283427-compute@developer.gserviceaccount.com","automaticUpdatePolicy":{}},"serviceConfig":{"service":"projects/daily-checkup-ece39/locations/us-central1/services/sendfriendrequest","timeoutSeconds":60,"environmentVariables":{"FIREBASE_CONFIG":"{\"projectId\":\"daily-checkup-ece39\",\"storageBucket\":\"daily-checkup-ece39.firebasestorage.app\"}","GCLOUD_PROJECT":"daily-checkup-ece39","EVENTARC_CLOUD_EVENT_SOURCE":"projects/daily-checkup-ece39/locations/us-central1/services/sendFriendRequest","FUNCTION_TARGET":"sendFriendRequest","LOG_EXECUTION_ID":"true"},"ingressSettings":"ALLOW_ALL","uri":"https://sendfriendrequest-4y2bteiyfq-uc.a.run.app","serviceAccountEmail":"130866283427-compute@developer.gserviceaccount.com","availableMemory":"256Mi","allTrafficOnLatestRevision":true,"revision":"sendfriendrequest-00002-qas","maxInstanceRequestConcurrency":80,"availableCpu":"1"},"state":"ACTIVE","labels":{"deployment-tool":"cli-firebase","deployment-callable":"true","firebase-functions-hash":"1d3657dc3c970233cbb744380dd2495908f141f3"},"environment":"GEN_2","url":"https://us-central1-daily-checkup-ece39.cloudfunctions.net/sendFriendRequest","satisfiesPzi":true},"stages":[{"name":"BUILD","message":"Build in progress","state":"IN_PROGRESS","resource":"projects/130866283427/locations/us-central1/builds/67890421-a23f-4744-a994-a44d3e085497","resourceUri":"https://console.cloud.google.com/cloud-build/builds;region=us-central1/67890421-a23f-4744-a994-a44d3e085497?project=130866283427"},{"name":"SERVICE","state":"NOT_STARTED"}],"operationType":"UPDATE_FUNCTION","buildName":"projects/130866283427/locations/us-central1/builds/67890421-a23f-4744-a994-a44d3e085497"},"done":false}
[debug] [2025-03-31T21:06:41.607Z] [update-default-us-central1-sendFriendRequest] Retrying task index 0
[debug] [2025-03-31T21:06:41.609Z] Checked if tokens are valid: true, expires at: 1743457025695
[debug] [2025-03-31T21:06:41.609Z] Checked if tokens are valid: true, expires at: 1743457025695
[debug] [2025-03-31T21:06:41.609Z] >>> [apiv2][query] GET https://cloudfunctions.googleapis.com/v2/projects/daily-checkup-ece39/locations/us-central1/operations/operation-1743455187414-631a9cb20ad7b-5f8fa45a-0d7e81fb [none]
[debug] [2025-03-31T21:06:42.896Z] <<< [apiv2][status] GET https://cloudfunctions.googleapis.com/v2/projects/daily-checkup-ece39/locations/us-central1/operations/operation-1743455187414-631a9cb20ad7b-5f8fa45a-0d7e81fb 200
[debug] [2025-03-31T21:06:42.897Z] <<< [apiv2][body] GET https://cloudfunctions.googleapis.com/v2/projects/daily-checkup-ece39/locations/us-central1/operations/operation-1743455187414-631a9cb20ad7b-5f8fa45a-0d7e81fb {"name":"projects/daily-checkup-ece39/locations/us-central1/operations/operation-1743455187414-631a9cb20ad7b-5f8fa45a-0d7e81fb","metadata":{"@type":"type.googleapis.com/google.cloud.functions.v2.OperationMetadata","createTime":"2025-03-31T21:06:28.773085451Z","target":"projects/daily-checkup-ece39/locations/us-central1/functions/sendFriendRequest","verb":"update","cancelRequested":false,"apiVersion":"v2","requestResource":{"@type":"type.googleapis.com/google.cloud.functions.v2.Function","name":"projects/daily-checkup-ece39/locations/us-central1/functions/sendFriendRequest","buildConfig":{"runtime":"nodejs22","entryPoint":"sendFriendRequest","source":{"storageSource":{"bucket":"gcf-v2-sources-130866283427-us-central1","object":"sendFriendRequest/function-source.zip","generation":"1743455188621417"}},"environmentVariables":{"GOOGLE_NODE_RUN_SCRIPTS":""},"dockerRepository":"projects/daily-checkup-ece39/locations/us-central1/repositories/gcf-artifacts","sourceProvenance":{"resolvedStorageSource":{"bucket":"gcf-v2-sources-130866283427-us-central1","object":"sendFriendRequest/function-source.zip","generation":"1743330095127945"}},"dockerRegistry":"ARTIFACT_REGISTRY","serviceAccount":"projects/daily-checkup-ece39/serviceAccounts/130866283427-compute@developer.gserviceaccount.com","automaticUpdatePolicy":{}},"serviceConfig":{"service":"projects/daily-checkup-ece39/locations/us-central1/services/sendfriendrequest","timeoutSeconds":60,"environmentVariables":{"FIREBASE_CONFIG":"{\"projectId\":\"daily-checkup-ece39\",\"storageBucket\":\"daily-checkup-ece39.firebasestorage.app\"}","GCLOUD_PROJECT":"daily-checkup-ece39","EVENTARC_CLOUD_EVENT_SOURCE":"projects/daily-checkup-ece39/locations/us-central1/services/sendFriendRequest","FUNCTION_TARGET":"sendFriendRequest","LOG_EXECUTION_ID":"true"},"ingressSettings":"ALLOW_ALL","uri":"https://sendfriendrequest-4y2bteiyfq-uc.a.run.app","serviceAccountEmail":"130866283427-compute@developer.gserviceaccount.com","availableMemory":"256Mi","allTrafficOnLatestRevision":true,"revision":"sendfriendrequest-00002-qas","maxInstanceRequestConcurrency":80,"availableCpu":"1"},"state":"ACTIVE","labels":{"deployment-tool":"cli-firebase","deployment-callable":"true","firebase-functions-hash":"1d3657dc3c970233cbb744380dd2495908f141f3"},"environment":"GEN_2","url":"https://us-central1-daily-checkup-ece39.cloudfunctions.net/sendFriendRequest","satisfiesPzi":true},"stages":[{"name":"BUILD","message":"Build in progress","state":"IN_PROGRESS","resource":"projects/130866283427/locations/us-central1/builds/67890421-a23f-4744-a994-a44d3e085497","resourceUri":"https://console.cloud.google.com/cloud-build/builds;region=us-central1/67890421-a23f-4744-a994-a44d3e085497?project=130866283427"},{"name":"SERVICE","state":"NOT_STARTED"}],"operationType":"UPDATE_FUNCTION","buildName":"projects/130866283427/locations/us-central1/builds/67890421-a23f-4744-a994-a44d3e085497"},"done":false}
[debug] [2025-03-31T21:06:50.907Z] [update-default-us-central1-sendFriendRequest] Retrying task index 0
[debug] [2025-03-31T21:06:50.910Z] Checked if tokens are valid: true, expires at: 1743457025695
[debug] [2025-03-31T21:06:50.910Z] Checked if tokens are valid: true, expires at: 1743457025695
[debug] [2025-03-31T21:06:50.910Z] >>> [apiv2][query] GET https://cloudfunctions.googleapis.com/v2/projects/daily-checkup-ece39/locations/us-central1/operations/operation-1743455187414-631a9cb20ad7b-5f8fa45a-0d7e81fb [none]
[debug] [2025-03-31T21:06:52.282Z] <<< [apiv2][status] GET https://cloudfunctions.googleapis.com/v2/projects/daily-checkup-ece39/locations/us-central1/operations/operation-1743455187414-631a9cb20ad7b-5f8fa45a-0d7e81fb 200
[debug] [2025-03-31T21:06:52.284Z] <<< [apiv2][body] GET https://cloudfunctions.googleapis.com/v2/projects/daily-checkup-ece39/locations/us-central1/operations/operation-1743455187414-631a9cb20ad7b-5f8fa45a-0d7e81fb {"name":"projects/daily-checkup-ece39/locations/us-central1/operations/operation-1743455187414-631a9cb20ad7b-5f8fa45a-0d7e81fb","metadata":{"@type":"type.googleapis.com/google.cloud.functions.v2.OperationMetadata","createTime":"2025-03-31T21:06:28.773085451Z","target":"projects/daily-checkup-ece39/locations/us-central1/functions/sendFriendRequest","verb":"update","cancelRequested":false,"apiVersion":"v2","requestResource":{"@type":"type.googleapis.com/google.cloud.functions.v2.Function","name":"projects/daily-checkup-ece39/locations/us-central1/functions/sendFriendRequest","buildConfig":{"runtime":"nodejs22","entryPoint":"sendFriendRequest","source":{"storageSource":{"bucket":"gcf-v2-sources-130866283427-us-central1","object":"sendFriendRequest/function-source.zip","generation":"1743455188621417"}},"environmentVariables":{"GOOGLE_NODE_RUN_SCRIPTS":""},"dockerRepository":"projects/daily-checkup-ece39/locations/us-central1/repositories/gcf-artifacts","sourceProvenance":{"resolvedStorageSource":{"bucket":"gcf-v2-sources-130866283427-us-central1","object":"sendFriendRequest/function-source.zip","generation":"1743330095127945"}},"dockerRegistry":"ARTIFACT_REGISTRY","serviceAccount":"projects/daily-checkup-ece39/serviceAccounts/130866283427-compute@developer.gserviceaccount.com","automaticUpdatePolicy":{}},"serviceConfig":{"service":"projects/daily-checkup-ece39/locations/us-central1/services/sendfriendrequest","timeoutSeconds":60,"environmentVariables":{"FIREBASE_CONFIG":"{\"projectId\":\"daily-checkup-ece39\",\"storageBucket\":\"daily-checkup-ece39.firebasestorage.app\"}","GCLOUD_PROJECT":"daily-checkup-ece39","EVENTARC_CLOUD_EVENT_SOURCE":"projects/daily-checkup-ece39/locations/us-central1/services/sendFriendRequest","FUNCTION_TARGET":"sendFriendRequest","LOG_EXECUTION_ID":"true"},"ingressSettings":"ALLOW_ALL","uri":"https://sendfriendrequest-4y2bteiyfq-uc.a.run.app","serviceAccountEmail":"130866283427-compute@developer.gserviceaccount.com","availableMemory":"256Mi","allTrafficOnLatestRevision":true,"revision":"sendfriendrequest-00002-qas","maxInstanceRequestConcurrency":80,"availableCpu":"1"},"state":"ACTIVE","labels":{"deployment-tool":"cli-firebase","deployment-callable":"true","firebase-functions-hash":"1d3657dc3c970233cbb744380dd2495908f141f3"},"environment":"GEN_2","url":"https://us-central1-daily-checkup-ece39.cloudfunctions.net/sendFriendRequest","satisfiesPzi":true},"stages":[{"name":"BUILD","message":"Build in progress","state":"IN_PROGRESS","resource":"projects/130866283427/locations/us-central1/builds/67890421-a23f-4744-a994-a44d3e085497","resourceUri":"https://console.cloud.google.com/cloud-build/builds;region=us-central1/67890421-a23f-4744-a994-a44d3e085497?project=130866283427"},{"name":"SERVICE","state":"NOT_STARTED"}],"operationType":"UPDATE_FUNCTION","buildName":"projects/130866283427/locations/us-central1/builds/67890421-a23f-4744-a994-a44d3e085497"},"done":false}
[debug] [2025-03-31T21:07:02.295Z] [update-default-us-central1-sendFriendRequest] Retrying task index 0
[debug] [2025-03-31T21:07:02.298Z] Checked if tokens are valid: true, expires at: 1743457025695
[debug] [2025-03-31T21:07:02.298Z] Checked if tokens are valid: true, expires at: 1743457025695
[debug] [2025-03-31T21:07:02.298Z] >>> [apiv2][query] GET https://cloudfunctions.googleapis.com/v2/projects/daily-checkup-ece39/locations/us-central1/operations/operation-1743455187414-631a9cb20ad7b-5f8fa45a-0d7e81fb [none]
[debug] [2025-03-31T21:07:03.690Z] <<< [apiv2][status] GET https://cloudfunctions.googleapis.com/v2/projects/daily-checkup-ece39/locations/us-central1/operations/operation-1743455187414-631a9cb20ad7b-5f8fa45a-0d7e81fb 200
[debug] [2025-03-31T21:07:03.696Z] <<< [apiv2][body] GET https://cloudfunctions.googleapis.com/v2/projects/daily-checkup-ece39/locations/us-central1/operations/operation-1743455187414-631a9cb20ad7b-5f8fa45a-0d7e81fb {"name":"projects/daily-checkup-ece39/locations/us-central1/operations/operation-1743455187414-631a9cb20ad7b-5f8fa45a-0d7e81fb","metadata":{"@type":"type.googleapis.com/google.cloud.functions.v2.OperationMetadata","createTime":"2025-03-31T21:06:28.773085451Z","target":"projects/daily-checkup-ece39/locations/us-central1/functions/sendFriendRequest","verb":"update","cancelRequested":false,"apiVersion":"v2","requestResource":{"@type":"type.googleapis.com/google.cloud.functions.v2.Function","name":"projects/daily-checkup-ece39/locations/us-central1/functions/sendFriendRequest","buildConfig":{"runtime":"nodejs22","entryPoint":"sendFriendRequest","source":{"storageSource":{"bucket":"gcf-v2-sources-130866283427-us-central1","object":"sendFriendRequest/function-source.zip","generation":"1743455188621417"}},"environmentVariables":{"GOOGLE_NODE_RUN_SCRIPTS":""},"dockerRepository":"projects/daily-checkup-ece39/locations/us-central1/repositories/gcf-artifacts","sourceProvenance":{"resolvedStorageSource":{"bucket":"gcf-v2-sources-130866283427-us-central1","object":"sendFriendRequest/function-source.zip","generation":"1743330095127945"}},"dockerRegistry":"ARTIFACT_REGISTRY","serviceAccount":"projects/daily-checkup-ece39/serviceAccounts/130866283427-compute@developer.gserviceaccount.com","automaticUpdatePolicy":{}},"serviceConfig":{"service":"projects/daily-checkup-ece39/locations/us-central1/services/sendfriendrequest","timeoutSeconds":60,"environmentVariables":{"FIREBASE_CONFIG":"{\"projectId\":\"daily-checkup-ece39\",\"storageBucket\":\"daily-checkup-ece39.firebasestorage.app\"}","GCLOUD_PROJECT":"daily-checkup-ece39","EVENTARC_CLOUD_EVENT_SOURCE":"projects/daily-checkup-ece39/locations/us-central1/services/sendFriendRequest","FUNCTION_TARGET":"sendFriendRequest","LOG_EXECUTION_ID":"true"},"ingressSettings":"ALLOW_ALL","uri":"https://sendfriendrequest-4y2bteiyfq-uc.a.run.app","serviceAccountEmail":"130866283427-compute@developer.gserviceaccount.com","availableMemory":"256Mi","allTrafficOnLatestRevision":true,"revision":"sendfriendrequest-00002-qas","maxInstanceRequestConcurrency":80,"availableCpu":"1"},"state":"ACTIVE","labels":{"deployment-tool":"cli-firebase","deployment-callable":"true","firebase-functions-hash":"1d3657dc3c970233cbb744380dd2495908f141f3"},"environment":"GEN_2","url":"https://us-central1-daily-checkup-ece39.cloudfunctions.net/sendFriendRequest","satisfiesPzi":true},"stages":[{"name":"BUILD","message":"Build in progress","state":"IN_PROGRESS","resource":"projects/130866283427/locations/us-central1/builds/67890421-a23f-4744-a994-a44d3e085497","resourceUri":"https://console.cloud.google.com/cloud-build/builds;region=us-central1/67890421-a23f-4744-a994-a44d3e085497?project=130866283427"},{"name":"SERVICE","state":"NOT_STARTED"}],"operationType":"UPDATE_FUNCTION","buildName":"projects/130866283427/locations/us-central1/builds/67890421-a23f-4744-a994-a44d3e085497"},"done":false}
[debug] [2025-03-31T21:07:13.706Z] [update-default-us-central1-sendFriendRequest] Retrying task index 0
[debug] [2025-03-31T21:07:13.708Z] Checked if tokens are valid: true, expires at: 1743457025695
[debug] [2025-03-31T21:07:13.708Z] Checked if tokens are valid: true, expires at: 1743457025695
[debug] [2025-03-31T21:07:13.709Z] >>> [apiv2][query] GET https://cloudfunctions.googleapis.com/v2/projects/daily-checkup-ece39/locations/us-central1/operations/operation-1743455187414-631a9cb20ad7b-5f8fa45a-0d7e81fb [none]
[debug] [2025-03-31T21:07:15.074Z] <<< [apiv2][status] GET https://cloudfunctions.googleapis.com/v2/projects/daily-checkup-ece39/locations/us-central1/operations/operation-1743455187414-631a9cb20ad7b-5f8fa45a-0d7e81fb 200
[debug] [2025-03-31T21:07:15.075Z] <<< [apiv2][body] GET https://cloudfunctions.googleapis.com/v2/projects/daily-checkup-ece39/locations/us-central1/operations/operation-1743455187414-631a9cb20ad7b-5f8fa45a-0d7e81fb {"name":"projects/daily-checkup-ece39/locations/us-central1/operations/operation-1743455187414-631a9cb20ad7b-5f8fa45a-0d7e81fb","metadata":{"@type":"type.googleapis.com/google.cloud.functions.v2.OperationMetadata","createTime":"2025-03-31T21:06:28.773085451Z","target":"projects/daily-checkup-ece39/locations/us-central1/functions/sendFriendRequest","verb":"update","cancelRequested":false,"apiVersion":"v2","requestResource":{"@type":"type.googleapis.com/google.cloud.functions.v2.Function","name":"projects/daily-checkup-ece39/locations/us-central1/functions/sendFriendRequest","buildConfig":{"runtime":"nodejs22","entryPoint":"sendFriendRequest","source":{"storageSource":{"bucket":"gcf-v2-sources-130866283427-us-central1","object":"sendFriendRequest/function-source.zip","generation":"1743455188621417"}},"environmentVariables":{"GOOGLE_NODE_RUN_SCRIPTS":""},"dockerRepository":"projects/daily-checkup-ece39/locations/us-central1/repositories/gcf-artifacts","sourceProvenance":{"resolvedStorageSource":{"bucket":"gcf-v2-sources-130866283427-us-central1","object":"sendFriendRequest/function-source.zip","generation":"1743330095127945"}},"dockerRegistry":"ARTIFACT_REGISTRY","serviceAccount":"projects/daily-checkup-ece39/serviceAccounts/130866283427-compute@developer.gserviceaccount.com","automaticUpdatePolicy":{}},"serviceConfig":{"service":"projects/daily-checkup-ece39/locations/us-central1/services/sendfriendrequest","timeoutSeconds":60,"environmentVariables":{"FIREBASE_CONFIG":"{\"projectId\":\"daily-checkup-ece39\",\"storageBucket\":\"daily-checkup-ece39.firebasestorage.app\"}","GCLOUD_PROJECT":"daily-checkup-ece39","EVENTARC_CLOUD_EVENT_SOURCE":"projects/daily-checkup-ece39/locations/us-central1/services/sendFriendRequest","FUNCTION_TARGET":"sendFriendRequest","LOG_EXECUTION_ID":"true"},"ingressSettings":"ALLOW_ALL","uri":"https://sendfriendrequest-4y2bteiyfq-uc.a.run.app","serviceAccountEmail":"130866283427-compute@developer.gserviceaccount.com","availableMemory":"256Mi","allTrafficOnLatestRevision":true,"revision":"sendfriendrequest-00002-qas","maxInstanceRequestConcurrency":80,"availableCpu":"1"},"state":"ACTIVE","labels":{"deployment-tool":"cli-firebase","deployment-callable":"true","firebase-functions-hash":"1d3657dc3c970233cbb744380dd2495908f141f3"},"environment":"GEN_2","url":"https://us-central1-daily-checkup-ece39.cloudfunctions.net/sendFriendRequest","satisfiesPzi":true},"stages":[{"name":"BUILD","message":"Build in progress","state":"IN_PROGRESS","resource":"projects/130866283427/locations/us-central1/builds/67890421-a23f-4744-a994-a44d3e085497","resourceUri":"https://console.cloud.google.com/cloud-build/builds;region=us-central1/67890421-a23f-4744-a994-a44d3e085497?project=130866283427"},{"name":"SERVICE","state":"NOT_STARTED"}],"operationType":"UPDATE_FUNCTION","buildName":"projects/130866283427/locations/us-central1/builds/67890421-a23f-4744-a994-a44d3e085497"},"done":false}
[debug] [2025-03-31T21:07:25.089Z] [update-default-us-central1-sendFriendRequest] Retrying task index 0
[debug] [2025-03-31T21:07:25.091Z] Checked if tokens are valid: true, expires at: 1743457025695
[debug] [2025-03-31T21:07:25.091Z] Checked if tokens are valid: true, expires at: 1743457025695
[debug] [2025-03-31T21:07:25.091Z] >>> [apiv2][query] GET https://cloudfunctions.googleapis.com/v2/projects/daily-checkup-ece39/locations/us-central1/operations/operation-1743455187414-631a9cb20ad7b-5f8fa45a-0d7e81fb [none]
[debug] [2025-03-31T21:07:26.532Z] <<< [apiv2][status] GET https://cloudfunctions.googleapis.com/v2/projects/daily-checkup-ece39/locations/us-central1/operations/operation-1743455187414-631a9cb20ad7b-5f8fa45a-0d7e81fb 200
[debug] [2025-03-31T21:07:26.534Z] <<< [apiv2][body] GET https://cloudfunctions.googleapis.com/v2/projects/daily-checkup-ece39/locations/us-central1/operations/operation-1743455187414-631a9cb20ad7b-5f8fa45a-0d7e81fb {"name":"projects/daily-checkup-ece39/locations/us-central1/operations/operation-1743455187414-631a9cb20ad7b-5f8fa45a-0d7e81fb","metadata":{"@type":"type.googleapis.com/google.cloud.functions.v2.OperationMetadata","createTime":"2025-03-31T21:06:28.773085451Z","target":"projects/daily-checkup-ece39/locations/us-central1/functions/sendFriendRequest","verb":"update","cancelRequested":false,"apiVersion":"v2","requestResource":{"@type":"type.googleapis.com/google.cloud.functions.v2.Function","name":"projects/daily-checkup-ece39/locations/us-central1/functions/sendFriendRequest","buildConfig":{"runtime":"nodejs22","entryPoint":"sendFriendRequest","source":{"storageSource":{"bucket":"gcf-v2-sources-130866283427-us-central1","object":"sendFriendRequest/function-source.zip","generation":"1743455188621417"}},"environmentVariables":{"GOOGLE_NODE_RUN_SCRIPTS":""},"dockerRepository":"projects/daily-checkup-ece39/locations/us-central1/repositories/gcf-artifacts","sourceProvenance":{"resolvedStorageSource":{"bucket":"gcf-v2-sources-130866283427-us-central1","object":"sendFriendRequest/function-source.zip","generation":"1743330095127945"}},"dockerRegistry":"ARTIFACT_REGISTRY","serviceAccount":"projects/daily-checkup-ece39/serviceAccounts/130866283427-compute@developer.gserviceaccount.com","automaticUpdatePolicy":{}},"serviceConfig":{"service":"projects/daily-checkup-ece39/locations/us-central1/services/sendfriendrequest","timeoutSeconds":60,"environmentVariables":{"FIREBASE_CONFIG":"{\"projectId\":\"daily-checkup-ece39\",\"storageBucket\":\"daily-checkup-ece39.firebasestorage.app\"}","GCLOUD_PROJECT":"daily-checkup-ece39","EVENTARC_CLOUD_EVENT_SOURCE":"projects/daily-checkup-ece39/locations/us-central1/services/sendFriendRequest","FUNCTION_TARGET":"sendFriendRequest","LOG_EXECUTION_ID":"true"},"ingressSettings":"ALLOW_ALL","uri":"https://sendfriendrequest-4y2bteiyfq-uc.a.run.app","serviceAccountEmail":"130866283427-compute@developer.gserviceaccount.com","availableMemory":"256Mi","allTrafficOnLatestRevision":true,"revision":"sendfriendrequest-00002-qas","maxInstanceRequestConcurrency":80,"availableCpu":"1"},"state":"ACTIVE","labels":{"deployment-tool":"cli-firebase","deployment-callable":"true","firebase-functions-hash":"1d3657dc3c970233cbb744380dd2495908f141f3"},"environment":"GEN_2","url":"https://us-central1-daily-checkup-ece39.cloudfunctions.net/sendFriendRequest","satisfiesPzi":true},"stages":[{"name":"BUILD","message":"Build finished","state":"COMPLETE","resource":"projects/130866283427/locations/us-central1/builds/67890421-a23f-4744-a994-a44d3e085497","resourceUri":"https://console.cloud.google.com/cloud-build/builds;region=us-central1/67890421-a23f-4744-a994-a44d3e085497?project=130866283427"},{"name":"SERVICE","message":"Updating Cloud Run service","state":"IN_PROGRESS","resource":"projects/daily-checkup-ece39/locations/us-central1/services/sendfriendrequest","resourceUri":"https://console.cloud.google.com/run/detail/us-central1/sendfriendrequest?project=daily-checkup-ece39","stateMessages":[{"severity":"INFO","type":"CloudRunServiceNewRevisionTrafficInfo","message":"A new revision will be deployed serving with 100% traffic."}]}],"sourceToken":"Cldwcm9qZWN0cy8xMzA4NjYyODM0MjcvbG9jYXRpb25zL3VzLWNlbnRyYWwxL2J1aWxkcy82Nzg5MDQyMS1hMjNmLTQ3NDQtYTk5NC1hNDRkM2UwODU0OTcSf3VzLWNlbnRyYWwxLWRvY2tlci5wa2cuZGV2L2RhaWx5LWNoZWNrdXAtZWNlMzkvZ2NmLWFydGlmYWN0cy9kYWlseS0tY2hlY2t1cC0tZWNlMzlfX3VzLS1jZW50cmFsMV9fc2VuZF9mcmllbmRfcmVxdWVzdDp2ZXJzaW9uXzEYo4f0wecDIk5wcm9qZWN0cy9kYWlseS1jaGVja3VwLWVjZTM5L2xvY2F0aW9ucy91cy1jZW50cmFsMS9mdW5jdGlvbnMvc2VuZEZyaWVuZFJlcXVlc3QqCwiDiKy/BhCQwPN0Mghub2RlanMyMjp2CiNnY3IuaW8vZ2FlLXJ1bnRpbWVzL25vZGVqczIyOnN0YWJsZRJPdXMtY2VudHJhbDEtZG9ja2VyLnBrZy5kZXYvc2VydmVybGVzcy1ydW50aW1lcy9nb29nbGUtMjItZnVsbC9ydW50aW1lcy9ub2RlanMyMkAB","operationType":"UPDATE_FUNCTION","buildName":"projects/130866283427/locations/us-central1/builds/67890421-a23f-4744-a994-a44d3e085497"},"done":false}
[debug] [2025-03-31T21:07:26.534Z] Got source token Cldwcm9qZWN0cy8xMzA4NjYyODM0MjcvbG9jYXRpb25zL3VzLWNlbnRyYWwxL2J1aWxkcy82Nzg5MDQyMS1hMjNmLTQ3NDQtYTk5NC1hNDRkM2UwODU0OTcSf3VzLWNlbnRyYWwxLWRvY2tlci5wa2cuZGV2L2RhaWx5LWNoZWNrdXAtZWNlMzkvZ2NmLWFydGlmYWN0cy9kYWlseS0tY2hlY2t1cC0tZWNlMzlfX3VzLS1jZW50cmFsMV9fc2VuZF9mcmllbmRfcmVxdWVzdDp2ZXJzaW9uXzEYo4f0wecDIk5wcm9qZWN0cy9kYWlseS1jaGVja3VwLWVjZTM5L2xvY2F0aW9ucy91cy1jZW50cmFsMS9mdW5jdGlvbnMvc2VuZEZyaWVuZFJlcXVlc3QqCwiDiKy/BhCQwPN0Mghub2RlanMyMjp2CiNnY3IuaW8vZ2FlLXJ1bnRpbWVzL25vZGVqczIyOnN0YWJsZRJPdXMtY2VudHJhbDEtZG9ja2VyLnBrZy5kZXYvc2VydmVybGVzcy1ydW50aW1lcy9nb29nbGUtMjItZnVsbC9ydW50aW1lcy9ub2RlanMyMkAB for region us-central1
[debug] [2025-03-31T21:07:36.549Z] [update-default-us-central1-sendFriendRequest] Retrying task index 0
[debug] [2025-03-31T21:07:36.551Z] Checked if tokens are valid: true, expires at: 1743457025695
[debug] [2025-03-31T21:07:36.551Z] Checked if tokens are valid: true, expires at: 1743457025695
[debug] [2025-03-31T21:07:36.552Z] >>> [apiv2][query] GET https://cloudfunctions.googleapis.com/v2/projects/daily-checkup-ece39/locations/us-central1/operations/operation-1743455187414-631a9cb20ad7b-5f8fa45a-0d7e81fb [none]
[debug] [2025-03-31T21:07:37.914Z] <<< [apiv2][status] GET https://cloudfunctions.googleapis.com/v2/projects/daily-checkup-ece39/locations/us-central1/operations/operation-1743455187414-631a9cb20ad7b-5f8fa45a-0d7e81fb 200
[debug] [2025-03-31T21:07:37.915Z] <<< [apiv2][body] GET https://cloudfunctions.googleapis.com/v2/projects/daily-checkup-ece39/locations/us-central1/operations/operation-1743455187414-631a9cb20ad7b-5f8fa45a-0d7e81fb {"name":"projects/daily-checkup-ece39/locations/us-central1/operations/operation-1743455187414-631a9cb20ad7b-5f8fa45a-0d7e81fb","metadata":{"@type":"type.googleapis.com/google.cloud.functions.v2.OperationMetadata","createTime":"2025-03-31T21:06:28.773085451Z","target":"projects/daily-checkup-ece39/locations/us-central1/functions/sendFriendRequest","verb":"update","cancelRequested":false,"apiVersion":"v2","requestResource":{"@type":"type.googleapis.com/google.cloud.functions.v2.Function","name":"projects/daily-checkup-ece39/locations/us-central1/functions/sendFriendRequest","buildConfig":{"runtime":"nodejs22","entryPoint":"sendFriendRequest","source":{"storageSource":{"bucket":"gcf-v2-sources-130866283427-us-central1","object":"sendFriendRequest/function-source.zip","generation":"1743455188621417"}},"environmentVariables":{"GOOGLE_NODE_RUN_SCRIPTS":""},"dockerRepository":"projects/daily-checkup-ece39/locations/us-central1/repositories/gcf-artifacts","sourceProvenance":{"resolvedStorageSource":{"bucket":"gcf-v2-sources-130866283427-us-central1","object":"sendFriendRequest/function-source.zip","generation":"1743330095127945"}},"dockerRegistry":"ARTIFACT_REGISTRY","serviceAccount":"projects/daily-checkup-ece39/serviceAccounts/130866283427-compute@developer.gserviceaccount.com","automaticUpdatePolicy":{}},"serviceConfig":{"service":"projects/daily-checkup-ece39/locations/us-central1/services/sendfriendrequest","timeoutSeconds":60,"environmentVariables":{"FIREBASE_CONFIG":"{\"projectId\":\"daily-checkup-ece39\",\"storageBucket\":\"daily-checkup-ece39.firebasestorage.app\"}","GCLOUD_PROJECT":"daily-checkup-ece39","EVENTARC_CLOUD_EVENT_SOURCE":"projects/daily-checkup-ece39/locations/us-central1/services/sendFriendRequest","FUNCTION_TARGET":"sendFriendRequest","LOG_EXECUTION_ID":"true"},"ingressSettings":"ALLOW_ALL","uri":"https://sendfriendrequest-4y2bteiyfq-uc.a.run.app","serviceAccountEmail":"130866283427-compute@developer.gserviceaccount.com","availableMemory":"256Mi","allTrafficOnLatestRevision":true,"revision":"sendfriendrequest-00002-qas","maxInstanceRequestConcurrency":80,"availableCpu":"1"},"state":"ACTIVE","labels":{"deployment-tool":"cli-firebase","deployment-callable":"true","firebase-functions-hash":"1d3657dc3c970233cbb744380dd2495908f141f3"},"environment":"GEN_2","url":"https://us-central1-daily-checkup-ece39.cloudfunctions.net/sendFriendRequest","satisfiesPzi":true},"stages":[{"name":"BUILD","message":"Build finished","state":"COMPLETE","resource":"projects/130866283427/locations/us-central1/builds/67890421-a23f-4744-a994-a44d3e085497","resourceUri":"https://console.cloud.google.com/cloud-build/builds;region=us-central1/67890421-a23f-4744-a994-a44d3e085497?project=130866283427"},{"name":"SERVICE","message":"Updating Cloud Run service","state":"IN_PROGRESS","resource":"projects/daily-checkup-ece39/locations/us-central1/services/sendfriendrequest","resourceUri":"https://console.cloud.google.com/run/detail/us-central1/sendfriendrequest?project=daily-checkup-ece39","stateMessages":[{"severity":"INFO","type":"CloudRunServiceNewRevisionTrafficInfo","message":"A new revision will be deployed serving with 100% traffic."}]}],"sourceToken":"Cldwcm9qZWN0cy8xMzA4NjYyODM0MjcvbG9jYXRpb25zL3VzLWNlbnRyYWwxL2J1aWxkcy82Nzg5MDQyMS1hMjNmLTQ3NDQtYTk5NC1hNDRkM2UwODU0OTcSf3VzLWNlbnRyYWwxLWRvY2tlci5wa2cuZGV2L2RhaWx5LWNoZWNrdXAtZWNlMzkvZ2NmLWFydGlmYWN0cy9kYWlseS0tY2hlY2t1cC0tZWNlMzlfX3VzLS1jZW50cmFsMV9fc2VuZF9mcmllbmRfcmVxdWVzdDp2ZXJzaW9uXzEYo4f0wecDIk5wcm9qZWN0cy9kYWlseS1jaGVja3VwLWVjZTM5L2xvY2F0aW9ucy91cy1jZW50cmFsMS9mdW5jdGlvbnMvc2VuZEZyaWVuZFJlcXVlc3QqCwiDiKy/BhCQwPN0Mghub2RlanMyMjp2CiNnY3IuaW8vZ2FlLXJ1bnRpbWVzL25vZGVqczIyOnN0YWJsZRJPdXMtY2VudHJhbDEtZG9ja2VyLnBrZy5kZXYvc2VydmVybGVzcy1ydW50aW1lcy9nb29nbGUtMjItZnVsbC9ydW50aW1lcy9ub2RlanMyMkAB","operationType":"UPDATE_FUNCTION","buildName":"projects/130866283427/locations/us-central1/builds/67890421-a23f-4744-a994-a44d3e085497"},"done":false}
[debug] [2025-03-31T21:07:37.916Z] Got source token Cldwcm9qZWN0cy8xMzA4NjYyODM0MjcvbG9jYXRpb25zL3VzLWNlbnRyYWwxL2J1aWxkcy82Nzg5MDQyMS1hMjNmLTQ3NDQtYTk5NC1hNDRkM2UwODU0OTcSf3VzLWNlbnRyYWwxLWRvY2tlci5wa2cuZGV2L2RhaWx5LWNoZWNrdXAtZWNlMzkvZ2NmLWFydGlmYWN0cy9kYWlseS0tY2hlY2t1cC0tZWNlMzlfX3VzLS1jZW50cmFsMV9fc2VuZF9mcmllbmRfcmVxdWVzdDp2ZXJzaW9uXzEYo4f0wecDIk5wcm9qZWN0cy9kYWlseS1jaGVja3VwLWVjZTM5L2xvY2F0aW9ucy91cy1jZW50cmFsMS9mdW5jdGlvbnMvc2VuZEZyaWVuZFJlcXVlc3QqCwiDiKy/BhCQwPN0Mghub2RlanMyMjp2CiNnY3IuaW8vZ2FlLXJ1bnRpbWVzL25vZGVqczIyOnN0YWJsZRJPdXMtY2VudHJhbDEtZG9ja2VyLnBrZy5kZXYvc2VydmVybGVzcy1ydW50aW1lcy9nb29nbGUtMjItZnVsbC9ydW50aW1lcy9ub2RlanMyMkAB for region us-central1
[debug] [2025-03-31T21:07:47.925Z] [update-default-us-central1-sendFriendRequest] Retrying task index 0
[debug] [2025-03-31T21:07:47.929Z] Checked if tokens are valid: true, expires at: 1743457025695
[debug] [2025-03-31T21:07:47.929Z] Checked if tokens are valid: true, expires at: 1743457025695
[debug] [2025-03-31T21:07:47.929Z] >>> [apiv2][query] GET https://cloudfunctions.googleapis.com/v2/projects/daily-checkup-ece39/locations/us-central1/operations/operation-1743455187414-631a9cb20ad7b-5f8fa45a-0d7e81fb [none]
[debug] [2025-03-31T21:07:49.319Z] <<< [apiv2][status] GET https://cloudfunctions.googleapis.com/v2/projects/daily-checkup-ece39/locations/us-central1/operations/operation-1743455187414-631a9cb20ad7b-5f8fa45a-0d7e81fb 200
[debug] [2025-03-31T21:07:49.325Z] <<< [apiv2][body] GET https://cloudfunctions.googleapis.com/v2/projects/daily-checkup-ece39/locations/us-central1/operations/operation-1743455187414-631a9cb20ad7b-5f8fa45a-0d7e81fb {"name":"projects/daily-checkup-ece39/locations/us-central1/operations/operation-1743455187414-631a9cb20ad7b-5f8fa45a-0d7e81fb","metadata":{"@type":"type.googleapis.com/google.cloud.functions.v2.OperationMetadata","createTime":"2025-03-31T21:06:28.773085451Z","target":"projects/daily-checkup-ece39/locations/us-central1/functions/sendFriendRequest","verb":"update","cancelRequested":false,"apiVersion":"v2","requestResource":{"@type":"type.googleapis.com/google.cloud.functions.v2.Function","name":"projects/daily-checkup-ece39/locations/us-central1/functions/sendFriendRequest","buildConfig":{"runtime":"nodejs22","entryPoint":"sendFriendRequest","source":{"storageSource":{"bucket":"gcf-v2-sources-130866283427-us-central1","object":"sendFriendRequest/function-source.zip","generation":"1743455188621417"}},"environmentVariables":{"GOOGLE_NODE_RUN_SCRIPTS":""},"dockerRepository":"projects/daily-checkup-ece39/locations/us-central1/repositories/gcf-artifacts","sourceProvenance":{"resolvedStorageSource":{"bucket":"gcf-v2-sources-130866283427-us-central1","object":"sendFriendRequest/function-source.zip","generation":"1743330095127945"}},"dockerRegistry":"ARTIFACT_REGISTRY","serviceAccount":"projects/daily-checkup-ece39/serviceAccounts/130866283427-compute@developer.gserviceaccount.com","automaticUpdatePolicy":{}},"serviceConfig":{"service":"projects/daily-checkup-ece39/locations/us-central1/services/sendfriendrequest","timeoutSeconds":60,"environmentVariables":{"FIREBASE_CONFIG":"{\"projectId\":\"daily-checkup-ece39\",\"storageBucket\":\"daily-checkup-ece39.firebasestorage.app\"}","GCLOUD_PROJECT":"daily-checkup-ece39","EVENTARC_CLOUD_EVENT_SOURCE":"projects/daily-checkup-ece39/locations/us-central1/services/sendFriendRequest","FUNCTION_TARGET":"sendFriendRequest","LOG_EXECUTION_ID":"true"},"ingressSettings":"ALLOW_ALL","uri":"https://sendfriendrequest-4y2bteiyfq-uc.a.run.app","serviceAccountEmail":"130866283427-compute@developer.gserviceaccount.com","availableMemory":"256Mi","allTrafficOnLatestRevision":true,"revision":"sendfriendrequest-00002-qas","maxInstanceRequestConcurrency":80,"availableCpu":"1"},"state":"ACTIVE","labels":{"deployment-tool":"cli-firebase","deployment-callable":"true","firebase-functions-hash":"1d3657dc3c970233cbb744380dd2495908f141f3"},"environment":"GEN_2","url":"https://us-central1-daily-checkup-ece39.cloudfunctions.net/sendFriendRequest","satisfiesPzi":true},"stages":[{"name":"BUILD","message":"Build finished","state":"COMPLETE","resource":"projects/130866283427/locations/us-central1/builds/67890421-a23f-4744-a994-a44d3e085497","resourceUri":"https://console.cloud.google.com/cloud-build/builds;region=us-central1/67890421-a23f-4744-a994-a44d3e085497?project=130866283427"},{"name":"SERVICE","message":"Updating Cloud Run service","state":"IN_PROGRESS","resource":"projects/daily-checkup-ece39/locations/us-central1/services/sendfriendrequest","resourceUri":"https://console.cloud.google.com/run/detail/us-central1/sendfriendrequest?project=daily-checkup-ece39","stateMessages":[{"severity":"INFO","type":"CloudRunServiceNewRevisionTrafficInfo","message":"A new revision will be deployed serving with 100% traffic."}]}],"sourceToken":"Cldwcm9qZWN0cy8xMzA4NjYyODM0MjcvbG9jYXRpb25zL3VzLWNlbnRyYWwxL2J1aWxkcy82Nzg5MDQyMS1hMjNmLTQ3NDQtYTk5NC1hNDRkM2UwODU0OTcSf3VzLWNlbnRyYWwxLWRvY2tlci5wa2cuZGV2L2RhaWx5LWNoZWNrdXAtZWNlMzkvZ2NmLWFydGlmYWN0cy9kYWlseS0tY2hlY2t1cC0tZWNlMzlfX3VzLS1jZW50cmFsMV9fc2VuZF9mcmllbmRfcmVxdWVzdDp2ZXJzaW9uXzEYo4f0wecDIk5wcm9qZWN0cy9kYWlseS1jaGVja3VwLWVjZTM5L2xvY2F0aW9ucy91cy1jZW50cmFsMS9mdW5jdGlvbnMvc2VuZEZyaWVuZFJlcXVlc3QqCwiDiKy/BhCQwPN0Mghub2RlanMyMjp2CiNnY3IuaW8vZ2FlLXJ1bnRpbWVzL25vZGVqczIyOnN0YWJsZRJPdXMtY2VudHJhbDEtZG9ja2VyLnBrZy5kZXYvc2VydmVybGVzcy1ydW50aW1lcy9nb29nbGUtMjItZnVsbC9ydW50aW1lcy9ub2RlanMyMkAB","operationType":"UPDATE_FUNCTION","buildName":"projects/130866283427/locations/us-central1/builds/67890421-a23f-4744-a994-a44d3e085497"},"done":false}
[debug] [2025-03-31T21:07:49.326Z] Got source token Cldwcm9qZWN0cy8xMzA4NjYyODM0MjcvbG9jYXRpb25zL3VzLWNlbnRyYWwxL2J1aWxkcy82Nzg5MDQyMS1hMjNmLTQ3NDQtYTk5NC1hNDRkM2UwODU0OTcSf3VzLWNlbnRyYWwxLWRvY2tlci5wa2cuZGV2L2RhaWx5LWNoZWNrdXAtZWNlMzkvZ2NmLWFydGlmYWN0cy9kYWlseS0tY2hlY2t1cC0tZWNlMzlfX3VzLS1jZW50cmFsMV9fc2VuZF9mcmllbmRfcmVxdWVzdDp2ZXJzaW9uXzEYo4f0wecDIk5wcm9qZWN0cy9kYWlseS1jaGVja3VwLWVjZTM5L2xvY2F0aW9ucy91cy1jZW50cmFsMS9mdW5jdGlvbnMvc2VuZEZyaWVuZFJlcXVlc3QqCwiDiKy/BhCQwPN0Mghub2RlanMyMjp2CiNnY3IuaW8vZ2FlLXJ1bnRpbWVzL25vZGVqczIyOnN0YWJsZRJPdXMtY2VudHJhbDEtZG9ja2VyLnBrZy5kZXYvc2VydmVybGVzcy1ydW50aW1lcy9nb29nbGUtMjItZnVsbC9ydW50aW1lcy9ub2RlanMyMkAB for region us-central1
[debug] [2025-03-31T21:07:59.407Z] [update-default-us-central1-sendFriendRequest] Retrying task index 0
[debug] [2025-03-31T21:07:59.431Z] Checked if tokens are valid: true, expires at: 1743457025695
[debug] [2025-03-31T21:07:59.468Z] Checked if tokens are valid: true, expires at: 1743457025695
[debug] [2025-03-31T21:07:59.484Z] >>> [apiv2][query] GET https://cloudfunctions.googleapis.com/v2/projects/daily-checkup-ece39/locations/us-central1/operations/operation-1743455187414-631a9cb20ad7b-5f8fa45a-0d7e81fb [none]
[debug] [2025-03-31T21:08:00.924Z] <<< [apiv2][status] GET https://cloudfunctions.googleapis.com/v2/projects/daily-checkup-ece39/locations/us-central1/operations/operation-1743455187414-631a9cb20ad7b-5f8fa45a-0d7e81fb 200
[debug] [2025-03-31T21:08:00.949Z] <<< [apiv2][body] GET https://cloudfunctions.googleapis.com/v2/projects/daily-checkup-ece39/locations/us-central1/operations/operation-1743455187414-631a9cb20ad7b-5f8fa45a-0d7e81fb {"name":"projects/daily-checkup-ece39/locations/us-central1/operations/operation-1743455187414-631a9cb20ad7b-5f8fa45a-0d7e81fb","metadata":{"@type":"type.googleapis.com/google.cloud.functions.v2.OperationMetadata","createTime":"2025-03-31T21:06:28.773085451Z","endTime":"2025-03-31T21:07:54.604103924Z","target":"projects/daily-checkup-ece39/locations/us-central1/functions/sendFriendRequest","verb":"update","cancelRequested":false,"apiVersion":"v2","requestResource":{"@type":"type.googleapis.com/google.cloud.functions.v2.Function","name":"projects/daily-checkup-ece39/locations/us-central1/functions/sendFriendRequest","buildConfig":{"runtime":"nodejs22","entryPoint":"sendFriendRequest","source":{"storageSource":{"bucket":"gcf-v2-sources-130866283427-us-central1","object":"sendFriendRequest/function-source.zip","generation":"1743455188621417"}},"environmentVariables":{"GOOGLE_NODE_RUN_SCRIPTS":""},"dockerRepository":"projects/daily-checkup-ece39/locations/us-central1/repositories/gcf-artifacts","sourceProvenance":{"resolvedStorageSource":{"bucket":"gcf-v2-sources-130866283427-us-central1","object":"sendFriendRequest/function-source.zip","generation":"1743330095127945"}},"dockerRegistry":"ARTIFACT_REGISTRY","serviceAccount":"projects/daily-checkup-ece39/serviceAccounts/130866283427-compute@developer.gserviceaccount.com","automaticUpdatePolicy":{}},"serviceConfig":{"service":"projects/daily-checkup-ece39/locations/us-central1/services/sendfriendrequest","timeoutSeconds":60,"environmentVariables":{"FIREBASE_CONFIG":"{\"projectId\":\"daily-checkup-ece39\",\"storageBucket\":\"daily-checkup-ece39.firebasestorage.app\"}","GCLOUD_PROJECT":"daily-checkup-ece39","EVENTARC_CLOUD_EVENT_SOURCE":"projects/daily-checkup-ece39/locations/us-central1/services/sendFriendRequest","FUNCTION_TARGET":"sendFriendRequest","LOG_EXECUTION_ID":"true"},"ingressSettings":"ALLOW_ALL","uri":"https://sendfriendrequest-4y2bteiyfq-uc.a.run.app","serviceAccountEmail":"130866283427-compute@developer.gserviceaccount.com","availableMemory":"256Mi","allTrafficOnLatestRevision":true,"revision":"sendfriendrequest-00002-qas","maxInstanceRequestConcurrency":80,"availableCpu":"1"},"state":"ACTIVE","labels":{"deployment-tool":"cli-firebase","deployment-callable":"true","firebase-functions-hash":"1d3657dc3c970233cbb744380dd2495908f141f3"},"environment":"GEN_2","url":"https://us-central1-daily-checkup-ece39.cloudfunctions.net/sendFriendRequest","satisfiesPzi":true},"stages":[{"name":"BUILD","message":"Build finished","state":"COMPLETE","resource":"projects/130866283427/locations/us-central1/builds/67890421-a23f-4744-a994-a44d3e085497","resourceUri":"https://console.cloud.google.com/cloud-build/builds;region=us-central1/67890421-a23f-4744-a994-a44d3e085497?project=130866283427"},{"name":"SERVICE","message":"Updating Cloud Run service","state":"COMPLETE","resource":"projects/daily-checkup-ece39/locations/us-central1/services/sendfriendrequest","resourceUri":"https://console.cloud.google.com/run/detail/us-central1/sendfriendrequest?project=daily-checkup-ece39","stateMessages":[{"severity":"INFO","type":"CloudRunServiceNewRevisionTrafficInfo","message":"A new revision will be deployed serving with 100% traffic."}]}],"sourceToken":"Cldwcm9qZWN0cy8xMzA4NjYyODM0MjcvbG9jYXRpb25zL3VzLWNlbnRyYWwxL2J1aWxkcy82Nzg5MDQyMS1hMjNmLTQ3NDQtYTk5NC1hNDRkM2UwODU0OTcSf3VzLWNlbnRyYWwxLWRvY2tlci5wa2cuZGV2L2RhaWx5LWNoZWNrdXAtZWNlMzkvZ2NmLWFydGlmYWN0cy9kYWlseS0tY2hlY2t1cC0tZWNlMzlfX3VzLS1jZW50cmFsMV9fc2VuZF9mcmllbmRfcmVxdWVzdDp2ZXJzaW9uXzEYo4f0wecDIk5wcm9qZWN0cy9kYWlseS1jaGVja3VwLWVjZTM5L2xvY2F0aW9ucy91cy1jZW50cmFsMS9mdW5jdGlvbnMvc2VuZEZyaWVuZFJlcXVlc3QqCwiDiKy/BhCQwPN0Mghub2RlanMyMjp2CiNnY3IuaW8vZ2FlLXJ1bnRpbWVzL25vZGVqczIyOnN0YWJsZRJPdXMtY2VudHJhbDEtZG9ja2VyLnBrZy5kZXYvc2VydmVybGVzcy1ydW50aW1lcy9nb29nbGUtMjItZnVsbC9ydW50aW1lcy9ub2RlanMyMkAB","operationType":"UPDATE_FUNCTION","buildName":"projects/130866283427/locations/us-central1/builds/67890421-a23f-4744-a994-a44d3e085497"},"done":true,"response":{"@type":"type.googleapis.com/google.cloud.functions.v2.Function","name":"projects/daily-checkup-ece39/locations/us-central1/functions/sendFriendRequest","buildConfig":{"build":"projects/130866283427/locations/us-central1/builds/67890421-a23f-4744-a994-a44d3e085497","runtime":"nodejs22","entryPoint":"sendFriendRequest","source":{"storageSource":{"bucket":"gcf-v2-sources-130866283427-us-central1","object":"sendFriendRequest/function-source.zip","generation":"1743455188621417"}},"environmentVariables":{"GOOGLE_NODE_RUN_SCRIPTS":""},"dockerRepository":"projects/daily-checkup-ece39/locations/us-central1/repositories/gcf-artifacts","sourceProvenance":{"resolvedStorageSource":{"bucket":"gcf-v2-sources-130866283427-us-central1","object":"sendFriendRequest/function-source.zip","generation":"1743455188621417"}},"dockerRegistry":"ARTIFACT_REGISTRY","serviceAccount":"projects/daily-checkup-ece39/serviceAccounts/130866283427-compute@developer.gserviceaccount.com","automaticUpdatePolicy":{}},"serviceConfig":{"service":"projects/daily-checkup-ece39/locations/us-central1/services/sendfriendrequest","timeoutSeconds":60,"environmentVariables":{"FIREBASE_CONFIG":"{\"projectId\":\"daily-checkup-ece39\",\"storageBucket\":\"daily-checkup-ece39.firebasestorage.app\"}","GCLOUD_PROJECT":"daily-checkup-ece39","EVENTARC_CLOUD_EVENT_SOURCE":"projects/daily-checkup-ece39/locations/us-central1/services/sendFriendRequest","FUNCTION_TARGET":"sendFriendRequest","LOG_EXECUTION_ID":"true"},"maxInstanceCount":100,"ingressSettings":"ALLOW_ALL","uri":"https://sendfriendrequest-4y2bteiyfq-uc.a.run.app","serviceAccountEmail":"130866283427-compute@developer.gserviceaccount.com","availableMemory":"256Mi","allTrafficOnLatestRevision":true,"revision":"sendfriendrequest-00003-nuh","maxInstanceRequestConcurrency":80,"availableCpu":"1"},"state":"ACTIVE","updateTime":"2025-03-31T21:06:28.776378511Z","labels":{"deployment-tool":"cli-firebase","deployment-callable":"true","firebase-functions-hash":"1d3657dc3c970233cbb744380dd2495908f141f3"},"environment":"GEN_2","url":"https://us-central1-daily-checkup-ece39.cloudfunctions.net/sendFriendRequest","createTime":"2025-03-30T09:48:15.028297389Z","satisfiesPzi":true}}
[debug] [2025-03-31T21:08:00.950Z] Got source token Cldwcm9qZWN0cy8xMzA4NjYyODM0MjcvbG9jYXRpb25zL3VzLWNlbnRyYWwxL2J1aWxkcy82Nzg5MDQyMS1hMjNmLTQ3NDQtYTk5NC1hNDRkM2UwODU0OTcSf3VzLWNlbnRyYWwxLWRvY2tlci5wa2cuZGV2L2RhaWx5LWNoZWNrdXAtZWNlMzkvZ2NmLWFydGlmYWN0cy9kYWlseS0tY2hlY2t1cC0tZWNlMzlfX3VzLS1jZW50cmFsMV9fc2VuZF9mcmllbmRfcmVxdWVzdDp2ZXJzaW9uXzEYo4f0wecDIk5wcm9qZWN0cy9kYWlseS1jaGVja3VwLWVjZTM5L2xvY2F0aW9ucy91cy1jZW50cmFsMS9mdW5jdGlvbnMvc2VuZEZyaWVuZFJlcXVlc3QqCwiDiKy/BhCQwPN0Mghub2RlanMyMjp2CiNnY3IuaW8vZ2FlLXJ1bnRpbWVzL25vZGVqczIyOnN0YWJsZRJPdXMtY2VudHJhbDEtZG9ja2VyLnBrZy5kZXYvc2VydmVybGVzcy1ydW50aW1lcy9nb29nbGUtMjItZnVsbC9ydW50aW1lcy9ub2RlanMyMkAB for region us-central1
[info] +  functions[sendFriendRequest(us-central1)] Successful update operation. 
[debug] [2025-03-31T21:08:00.966Z] Total Function Deployment time: 94874
[debug] [2025-03-31T21:08:00.970Z] 1 Functions Deployed
[debug] [2025-03-31T21:08:00.970Z] 0 Functions Errored
[debug] [2025-03-31T21:08:00.971Z] 0 Function Deployments Aborted
[debug] [2025-03-31T21:08:00.971Z] Average Function Deployment time: 94873
[debug] [2025-03-31T21:08:01.336Z] Checked if tokens are valid: true, expires at: 1743457025695
[debug] [2025-03-31T21:08:01.340Z] Checked if tokens are valid: true, expires at: 1743457025695
[debug] [2025-03-31T21:08:01.348Z] >>> [apiv2][query] GET https://artifactregistry.googleapis.com/v1/projects/daily-checkup-ece39/locations/us-central1/repositories/gcf-artifacts [none]
[debug] [2025-03-31T21:08:02.843Z] <<< [apiv2][status] GET https://artifactregistry.googleapis.com/v1/projects/daily-checkup-ece39/locations/us-central1/repositories/gcf-artifacts 200
[debug] [2025-03-31T21:08:02.854Z] <<< [apiv2][body] GET https://artifactregistry.googleapis.com/v1/projects/daily-checkup-ece39/locations/us-central1/repositories/gcf-artifacts {"name":"projects/daily-checkup-ece39/locations/us-central1/repositories/gcf-artifacts","format":"DOCKER","description":"This repository is created and used by Cloud Functions for storing function docker images.","labels":{"goog-managed-by":"cloudfunctions"},"createTime":"2025-03-30T09:48:24.485005Z","updateTime":"2025-03-31T21:06:57.050632Z","mode":"STANDARD_REPOSITORY","cleanupPolicies":{"firebase-functions-cleanup":{"id":"firebase-functions-cleanup","action":"DELETE","condition":{"tagState":"ANY","olderThan":"864000s"}}},"sizeBytes":"119350281","vulnerabilityScanningConfig":{"lastEnableTime":"2025-03-30T09:48:15.260695959Z","enablementState":"SCANNING_DISABLED","enablementStateReason":"API containerscanning.googleapis.com is not enabled."},"satisfiesPzi":true,"registryUri":"us-central1-docker.pkg.dev/daily-checkup-ece39/gcf-artifacts"}
[info] 
[info] +  Deploy complete! 
[info] 
[info] Project Console: https://console.firebase.google.com/project/daily-checkup-ece39/overview
